Tag TDCDsgnIntegerProperty
Name TDCDsgnStringProperty
c TDCDsgnIntegerProperty
Tag TDCDsgnIntegerProperty
Name TDCDsgnStringProperty
c TDCDsgnIntegerProperty
Tag TDCDsgnIntegerProperty
Name TDCDsgnStringProperty
c TDCDsgnIntegerProperty
Tag TDCDsgnIntegerProperty
Name TDCDsgnStringProperty
c TDCDsgnIntegerProperty
Tag TDCDsgnIntegerProperty
Name TDCDsgnStringProperty
c TDCDsgnIntegerProperty
Tag TDCDsgnIntegerProperty
Name TDCDsgnStringProperty
c TDCDsgnIntegerProperty
Tag TDCDsgnIntegerProperty
Name TDCDsgnStringProperty
c TDCDsgnIntegerProperty
Tag TDCDsgnIntegerProperty
Name TDCDsgnStringProperty
c TDCDsgnIntegerProperty
Tag TDCDsgnIntegerProperty
Name TDCDsgnStringProperty
c TDCDsgnIntegerProperty
Tag TDCDsgnIntegerProperty
Name TDCDsgnStringProperty
c TDCDsgnIntegerProperty
Tag TDCDsgnIntegerProperty
Name TDCDsgnStringProperty
c TDCDsgnIntegerProperty
Tag TDCDsgnIntegerProperty
Name TDCDsgnStringProperty
c TDCDsgnIntegerProperty
D:\MyDelphi6\Projects\Allegro\Source\dccbut.pas not found
D:\MyDelphi6\Projects\Allegro\Source\DbAGrids.pas not found
D:\MyDelphi6\Projects\Allegro\Source\dcntree.pas not found
D:\MyDelphi6\Projects\Allegro\Source\dcTreeGrid.pas not found
D:\MyDelphi6\Projects\Allegro\Source\dcntree.pas not found
D:\MyDelphi6\Projects\Allegro\Source\dcTreeGrid.pas not found
D:\MyDelphi6\Projects\Allegro\Source\dcntree.pas not found
D:\MyDelphi6\Projects\Allegro\Source\dcTreeGrid.pas not found
D:\MyDelphi6\Projects\Allegro\Source\dcntree.pas not found
D:\MyDelphi6\Projects\Allegro\Source\dcTreeGrid.pas not found
D:\MyDelphi6\Projects\Allegro\Source\dcntree.pas not found
D:\MyDelphi6\Projects\Allegro\Source\DbAGrids.pas not found
Tag TDCDsgnIntegerProperty
Name TDCDsgnStringProperty
c TDCDsgnIntegerProperty
Tag TDCDsgnIntegerProperty
Name TDCDsgnStringProperty
c TDCDsgnIntegerProperty
Tag TDCDsgnIntegerProperty
Name TDCDsgnStringProperty
c TDCDsgnIntegerProperty
Tag TDCDsgnIntegerProperty
Name TDCDsgnStringProperty
c TDCDsgnIntegerProperty
Tag TDCDsgnIntegerProperty
Name TDCDsgnStringProperty
c TDCDsgnIntegerProperty
Tag TDCDsgnIntegerProperty
Name TDCDsgnStringProperty
c TDCDsgnIntegerProperty
Tag TDCDsgnIntegerProperty
Name TDCDsgnStringProperty
c TDCDsgnIntegerProperty
Tag TDCDsgnIntegerProperty
Name TDCDsgnStringProperty
c TDCDsgnIntegerProperty
Tag TDCDsgnIntegerProperty
Name TDCDsgnStringProperty
c TDCDsgnIntegerProperty
Tag TDCDsgnIntegerProperty
Name TDCDsgnStringProperty
c TDCDsgnIntegerProperty
Tag TDCDsgnIntegerProperty
Name TDCDsgnStringProperty
c TDCDsgnIntegerProperty
Tag TDCDsgnIntegerProperty
Name TDCDsgnStringProperty
c TDCDsgnIntegerProperty
Tag TDCDsgnIntegerProperty
Name TDCDsgnStringProperty
c TDCDsgnIntegerProperty
Tag TDCDsgnIntegerProperty
Name TDCDsgnStringProperty
c TDCDsgnIntegerProperty
Tag TDCDsgnIntegerProperty
Name TDCDsgnStringProperty
c TDCDsgnIntegerProperty
Tag TDCDsgnIntegerProperty
Name TDCDsgnStringProperty
c TDCDsgnIntegerProperty
Tag TDCDsgnIntegerProperty
Name TDCDsgnStringProperty
c TDCDsgnIntegerProperty
Tag TDCDsgnIntegerProperty
Name TDCDsgnStringProperty
c TDCDsgnIntegerProperty
Tag TDCDsgnIntegerProperty
Name TDCDsgnStringProperty
c TDCDsgnIntegerProperty
Tag TDCDsgnIntegerProperty
Name TDCDsgnStringProperty
c TDCDsgnIntegerProperty
Tag TDCDsgnIntegerProperty
Name TDCDsgnStringProperty
c TDCDsgnIntegerProperty
Tag TDCDsgnIntegerProperty
Name TDCDsgnStringProperty
c TDCDsgnIntegerProperty
D:\MyDelphi6\Projects\Allegro\Source\RxMemDS.pas not found
Tag TDCDsgnIntegerProperty
Name TDCDsgnStringProperty
c TDCDsgnIntegerProperty
Tag TDCDsgnIntegerProperty
Name TDCDsgnStringProperty
c TDCDsgnIntegerProperty
D:\MyDelphi6\Projects\Allegro\Source\dcDTree.pas not found
D:\MyDelphi6\Projects\Allegro\Source\dcDTree.pas not found
Tag TDCDsgnIntegerProperty
Name TDCDsgnStringProperty
c TDCDsgnIntegerProperty
Tag TDCDsgnIntegerProperty
Name TDCDsgnStringProperty
c TDCDsgnIntegerProperty
Tag TDCDsgnIntegerProperty
Name TDCDsgnStringProperty
c TDCDsgnIntegerProperty
Tag TDCDsgnIntegerProperty
Name TDCDsgnStringProperty
c TDCDsgnIntegerProperty
Tag TDCDsgnIntegerProperty
Name TDCDsgnStringProperty
c TDCDsgnIntegerProperty
Tag TDCDsgnIntegerProperty
Name TDCDsgnStringProperty
c TDCDsgnIntegerProperty
Tag TDCDsgnIntegerProperty
Name TDCDsgnStringProperty
c TDCDsgnIntegerProperty
Tag TDCDsgnIntegerProperty
Name TDCDsgnStringProperty
c TDCDsgnIntegerProperty
Tag TDCDsgnIntegerProperty
Name TDCDsgnStringProperty
c TDCDsgnIntegerProperty
Tag TDCDsgnIntegerProperty
Name TDCDsgnStringProperty
c TDCDsgnIntegerProperty
Tag TDCDsgnIntegerProperty
Name TDCDsgnStringProperty
c TDCDsgnIntegerProperty
Tag TDCDsgnIntegerProperty
Name TDCDsgnStringProperty
c TDCDsgnIntegerProperty
Tag TDCDsgnIntegerProperty
Name TDCDsgnStringProperty
c TDCDsgnIntegerProperty
Tag TDCDsgnIntegerProperty
Name TDCDsgnStringProperty
c TDCDsgnIntegerProperty
Tag TDCDsgnIntegerProperty
Name TDCDsgnStringProperty
c TDCDsgnIntegerProperty
Tag TDCDsgnIntegerProperty
Name TDCDsgnStringProperty
c TDCDsgnIntegerProperty
Tag TDCDsgnIntegerProperty
Name TDCDsgnStringProperty
c TDCDsgnIntegerProperty
Tag TDCDsgnIntegerProperty
Name TDCDsgnStringProperty
c TDCDsgnIntegerProperty
Tag TDCDsgnIntegerProperty
Name TDCDsgnStringProperty
c TDCDsgnIntegerProperty
Tag TDCDsgnIntegerProperty
Name TDCDsgnStringProperty
c TDCDsgnIntegerProperty
Tag TDCDsgnIntegerProperty
Name TDCDsgnStringProperty
c TDCDsgnIntegerProperty
Tag TDCDsgnIntegerProperty
Name TDCDsgnStringProperty
c TDCDsgnIntegerProperty
Tag TDCDsgnIntegerProperty
Name TDCDsgnStringProperty
c TDCDsgnIntegerProperty
Tag TDCDsgnIntegerProperty
Name TDCDsgnStringProperty
c TDCDsgnIntegerProperty
Tag TDCDsgnIntegerProperty
Name TDCDsgnStringProperty
c TDCDsgnIntegerProperty
Tag TDCDsgnIntegerProperty
Name TDCDsgnStringProperty
c TDCDsgnIntegerProperty
Tag TDCDsgnIntegerProperty
Name TDCDsgnStringProperty
c TDCDsgnIntegerProperty
Tag TDCDsgnIntegerProperty
Name TDCDsgnStringProperty
c TDCDsgnIntegerProperty
Tag TDCDsgnIntegerProperty
Name TDCDsgnStringProperty
c TDCDsgnIntegerProperty
Tag TDCDsgnIntegerProperty
Name TDCDsgnStringProperty
c TDCDsgnIntegerProperty
Tag TDCDsgnIntegerProperty
Name TDCDsgnStringProperty
c TDCDsgnIntegerProperty
Tag TDCDsgnIntegerProperty
Name TDCDsgnStringProperty
c TDCDsgnIntegerProperty
Tag TDCDsgnIntegerProperty
Name TDCDsgnStringProperty
c TDCDsgnIntegerProperty
Tag TDCDsgnIntegerProperty
Name TDCDsgnStringProperty
c TDCDsgnIntegerProperty
Tag TDCDsgnIntegerProperty
Name TDCDsgnStringProperty
c TDCDsgnIntegerProperty
Tag TDCDsgnIntegerProperty
Name TDCDsgnStringProperty
c TDCDsgnIntegerProperty
Tag TDCDsgnIntegerProperty
Name TDCDsgnStringProperty
c TDCDsgnIntegerProperty
Tag TDCDsgnIntegerProperty
Name TDCDsgnStringProperty
c TDCDsgnIntegerProperty
Tag TDCDsgnIntegerProperty
Name TDCDsgnStringProperty
c TDCDsgnIntegerProperty
Tag TDCDsgnIntegerProperty
Name TDCDsgnStringProperty
c TDCDsgnIntegerProperty
Tag TDCDsgnIntegerProperty
Name TDCDsgnStringProperty
c TDCDsgnIntegerProperty
Tag TDCDsgnIntegerProperty
Name TDCDsgnStringProperty
c TDCDsgnIntegerProperty
Tag TDCDsgnIntegerProperty
Name TDCDsgnStringProperty
c TDCDsgnIntegerProperty
Tag TDCDsgnIntegerProperty
Name TDCDsgnStringProperty
c TDCDsgnIntegerProperty
Tag TDCDsgnIntegerProperty
Name TDCDsgnStringProperty
c TDCDsgnIntegerProperty
Tag TDCDsgnIntegerProperty
Name TDCDsgnStringProperty
c TDCDsgnIntegerProperty
Tag TDCDsgnIntegerProperty
Name TDCDsgnStringProperty
c TDCDsgnIntegerProperty
Tag TDCDsgnIntegerProperty
Name TDCDsgnStringProperty
c TDCDsgnIntegerProperty
Tag TDCDsgnIntegerProperty
Name TDCDsgnStringProperty
c TDCDsgnIntegerProperty
Tag TDCDsgnIntegerProperty
Name TDCDsgnStringProperty
c TDCDsgnIntegerProperty
Tag TDCDsgnIntegerProperty
Name TDCDsgnStringProperty
c TDCDsgnIntegerProperty
Tag TDCDsgnIntegerProperty
Name TDCDsgnStringProperty
c TDCDsgnIntegerProperty
Tag TDCDsgnIntegerProperty
Name TDCDsgnStringProperty
c TDCDsgnIntegerProperty
Tag TDCDsgnIntegerProperty
Name TDCDsgnStringProperty
c TDCDsgnIntegerProperty
Tag TDCDsgnIntegerProperty
Name TDCDsgnStringProperty
c TDCDsgnIntegerProperty
Tag TDCDsgnIntegerProperty
Name TDCDsgnStringProperty
c TDCDsgnIntegerProperty
Tag TDCDsgnIntegerProperty
Name TDCDsgnStringProperty
c TDCDsgnIntegerProperty
Tag TDCDsgnIntegerProperty
Name TDCDsgnStringProperty
c TDCDsgnIntegerProperty
Tag TDCDsgnIntegerProperty
Name TDCDsgnStringProperty
c TDCDsgnIntegerProperty
Tag TDCDsgnIntegerProperty
Name TDCDsgnStringProperty
c TDCDsgnIntegerProperty
Tag TDCDsgnIntegerProperty
Name TDCDsgnStringProperty
c TDCDsgnIntegerProperty
Tag TDCDsgnIntegerProperty
Name TDCDsgnStringProperty
c TDCDsgnIntegerProperty
Tag TDCDsgnIntegerProperty
Name TDCDsgnStringProperty
c TDCDsgnIntegerProperty
Tag TDCDsgnIntegerProperty
Name TDCDsgnStringProperty
c TDCDsgnIntegerProperty
Tag TDCDsgnIntegerProperty
Name TDCDsgnStringProperty
c TDCDsgnIntegerProperty
Tag TDCDsgnIntegerProperty
Name TDCDsgnStringProperty
c TDCDsgnIntegerProperty
Tag TDCDsgnIntegerProperty
Name TDCDsgnStringProperty
c TDCDsgnIntegerProperty
Tag TDCDsgnIntegerProperty
Name TDCDsgnStringProperty
c TDCDsgnIntegerProperty
Tag TDCDsgnIntegerProperty
Name TDCDsgnStringProperty
c TDCDsgnIntegerProperty
Tag TDCDsgnIntegerProperty
Name TDCDsgnStringProperty
c TDCDsgnIntegerProperty
Tag TDCDsgnIntegerProperty
Name TDCDsgnStringProperty
c TDCDsgnIntegerProperty
Tag TDCDsgnIntegerProperty
Name TDCDsgnStringProperty
c TDCDsgnIntegerProperty
Tag TDCDsgnIntegerProperty
Name TDCDsgnStringProperty
c TDCDsgnIntegerProperty
Tag TDCDsgnIntegerProperty
Name TDCDsgnStringProperty
c TDCDsgnIntegerProperty
Tag TDCDsgnIntegerProperty
Name TDCDsgnStringProperty
c TDCDsgnIntegerProperty
Tag TDCDsgnIntegerProperty
Name TDCDsgnStringProperty
c TDCDsgnIntegerProperty
Tag TDCDsgnIntegerProperty
Name TDCDsgnStringProperty
c TDCDsgnIntegerProperty
Tag TDCDsgnIntegerProperty
Name TDCDsgnStringProperty
c TDCDsgnIntegerProperty
Tag TDCDsgnIntegerProperty
Name TDCDsgnStringProperty
c TDCDsgnIntegerProperty
Tag TDCDsgnIntegerProperty
Name TDCDsgnStringProperty
c TDCDsgnIntegerProperty
Tag TDCDsgnIntegerProperty
Name TDCDsgnStringProperty
c TDCDsgnIntegerProperty
Tag TDCDsgnIntegerProperty
Name TDCDsgnStringProperty
c TDCDsgnIntegerProperty
Tag TDCDsgnIntegerProperty
Name TDCDsgnStringProperty
c TDCDsgnIntegerProperty
Tag TDCDsgnIntegerProperty
Name TDCDsgnStringProperty
c TDCDsgnIntegerProperty
Tag TDCDsgnIntegerProperty
Name TDCDsgnStringProperty
c TDCDsgnIntegerProperty
Tag TDCDsgnIntegerProperty
Name TDCDsgnStringProperty
c TDCDsgnIntegerProperty
Tag TDCDsgnIntegerProperty
Name TDCDsgnStringProperty
c TDCDsgnIntegerProperty
Tag TDCDsgnIntegerProperty
Name TDCDsgnStringProperty
c TDCDsgnIntegerProperty
Tag TDCDsgnIntegerProperty
Name TDCDsgnStringProperty
c TDCDsgnIntegerProperty
Tag TDCDsgnIntegerProperty
Name TDCDsgnStringProperty
c TDCDsgnIntegerProperty
Tag TDCDsgnIntegerProperty
Name TDCDsgnStringProperty
c TDCDsgnIntegerProperty
Tag TDCDsgnIntegerProperty
Name TDCDsgnStringProperty
c TDCDsgnIntegerProperty
D:\MyDelphi6\Projects\Allegro\Source\kbmMemTable.pas not found
D:\MyDelphi6\Projects\Allegro\Source\kbmMemTable.pas not found
Tag TDCDsgnIntegerProperty
Name TDCDsgnStringProperty
c TDCDsgnIntegerProperty
Tag TDCDsgnIntegerProperty
Name TDCDsgnStringProperty
c TDCDsgnIntegerProperty
Tag TDCDsgnIntegerProperty
Name TDCDsgnStringProperty
c TDCDsgnIntegerProperty
Tag TDCDsgnIntegerProperty
Name TDCDsgnStringProperty
c TDCDsgnIntegerProperty
Tag TDCDsgnIntegerProperty
Name TDCDsgnStringProperty
c TDCDsgnIntegerProperty
Tag TDCDsgnIntegerProperty
Name TDCDsgnStringProperty
c TDCDsgnIntegerProperty
Tag TDCDsgnIntegerProperty
Name TDCDsgnStringProperty
c TDCDsgnIntegerProperty
Tag TDCDsgnIntegerProperty
Name TDCDsgnStringProperty
c TDCDsgnIntegerProperty
Tag TDCDsgnIntegerProperty
Name TDCDsgnStringProperty
c TDCDsgnIntegerProperty
Tag TDCDsgnIntegerProperty
Name TDCDsgnStringProperty
c TDCDsgnIntegerProperty
Tag TDCDsgnIntegerProperty
Name TDCDsgnStringProperty
c TDCDsgnIntegerProperty
Tag TDCDsgnIntegerProperty
Name TDCDsgnStringProperty
c TDCDsgnIntegerProperty
Tag TDCDsgnIntegerProperty
Name TDCDsgnStringProperty
c TDCDsgnIntegerProperty
Tag TDCDsgnIntegerProperty
Name TDCDsgnStringProperty
c TDCDsgnIntegerProperty
Tag TDCDsgnIntegerProperty
Name TDCDsgnStringProperty
c TDCDsgnIntegerProperty
Tag TDCDsgnIntegerProperty
Name TDCDsgnStringProperty
c TDCDsgnIntegerProperty
Tag TDCDsgnIntegerProperty
Name TDCDsgnStringProperty
c TDCDsgnIntegerProperty
Tag TDCDsgnIntegerProperty
Name TDCDsgnStringProperty
c TDCDsgnIntegerProperty
Tag TDCDsgnIntegerProperty
Name TDCDsgnStringProperty
c TDCDsgnIntegerProperty
Tag TDCDsgnIntegerProperty
Name TDCDsgnStringProperty
c TDCDsgnIntegerProperty
Tag TDCDsgnIntegerProperty
Name TDCDsgnStringProperty
c TDCDsgnIntegerProperty
Tag TDCDsgnIntegerProperty
Name TDCDsgnStringProperty
c TDCDsgnIntegerProperty
Tag TDCDsgnIntegerProperty
Name TDCDsgnStringProperty
c TDCDsgnIntegerProperty
Tag TDCDsgnIntegerProperty
Name TDCDsgnStringProperty
c TDCDsgnIntegerProperty
Tag TDCDsgnIntegerProperty
Name TDCDsgnStringProperty
c TDCDsgnIntegerProperty
Tag TDCDsgnIntegerProperty
Name TDCDsgnStringProperty
c TDCDsgnIntegerProperty
Tag TDCDsgnIntegerProperty
Name TDCDsgnStringProperty
c TDCDsgnIntegerProperty
Tag TDCDsgnIntegerProperty
Name TDCDsgnStringProperty
c TDCDsgnIntegerProperty
Tag TDCDsgnIntegerProperty
Name TDCDsgnStringProperty
c TDCDsgnIntegerProperty
Tag TDCDsgnIntegerProperty
Name TDCDsgnStringProperty
c TDCDsgnIntegerProperty
Tag TDCDsgnIntegerProperty
Name TDCDsgnStringProperty
c TDCDsgnIntegerProperty
Tag TDCDsgnIntegerProperty
Name TDCDsgnStringProperty
c TDCDsgnIntegerProperty
Tag TDCDsgnIntegerProperty
Name TDCDsgnStringProperty
c TDCDsgnIntegerProperty
Tag TDCDsgnIntegerProperty
Name TDCDsgnStringProperty
c TDCDsgnIntegerProperty
Tag TDCDsgnIntegerProperty
Name TDCDsgnStringProperty
c TDCDsgnIntegerProperty
Tag TDCDsgnIntegerProperty
Name TDCDsgnStringProperty
c TDCDsgnIntegerProperty
Tag TDCDsgnIntegerProperty
Name TDCDsgnStringProperty
c TDCDsgnIntegerProperty
Tag TDCDsgnIntegerProperty
Name TDCDsgnStringProperty
c TDCDsgnIntegerProperty
Tag TDCDsgnIntegerProperty
Name TDCDsgnStringProperty
c TDCDsgnIntegerProperty
Tag TDCDsgnIntegerProperty
Name TDCDsgnStringProperty
c TDCDsgnIntegerProperty
Tag TDCDsgnIntegerProperty
Name TDCDsgnStringProperty
c TDCDsgnIntegerProperty
Tag TDCDsgnIntegerProperty
Name TDCDsgnStringProperty
c TDCDsgnIntegerProperty
Tag TDCDsgnIntegerProperty
Name TDCDsgnStringProperty
c TDCDsgnIntegerProperty
Tag TDCDsgnIntegerProperty
Name TDCDsgnStringProperty
c TDCDsgnIntegerProperty
Tag TDCDsgnIntegerProperty
Name TDCDsgnStringProperty
c TDCDsgnIntegerProperty
Tag TDCDsgnIntegerProperty
Name TDCDsgnStringProperty
c TDCDsgnIntegerProperty
Tag TDCDsgnIntegerProperty
Name TDCDsgnStringProperty
c TDCDsgnIntegerProperty
Tag TDCDsgnIntegerProperty
Name TDCDsgnStringProperty
c TDCDsgnIntegerProperty
Tag TDCDsgnIntegerProperty
Name TDCDsgnStringProperty
c TDCDsgnIntegerProperty
Tag TDCDsgnIntegerProperty
Name TDCDsgnStringProperty
c TDCDsgnIntegerProperty
Tag TDCDsgnIntegerProperty
Name TDCDsgnStringProperty
c TDCDsgnIntegerProperty
Tag TDCDsgnIntegerProperty
Name TDCDsgnStringProperty
c TDCDsgnIntegerProperty
Tag TDCDsgnIntegerProperty
Name TDCDsgnStringProperty
c TDCDsgnIntegerProperty
Tag TDCDsgnIntegerProperty
Name TDCDsgnStringProperty
c TDCDsgnIntegerProperty
Tag TDCDsgnIntegerProperty
Name TDCDsgnStringProperty
c TDCDsgnIntegerProperty
Tag TDCDsgnIntegerProperty
Name TDCDsgnStringProperty
c TDCDsgnIntegerProperty
Tag TDCDsgnIntegerProperty
Name TDCDsgnStringProperty
c TDCDsgnIntegerProperty
Tag TDCDsgnIntegerProperty
Name TDCDsgnStringProperty
c TDCDsgnIntegerProperty
Tag TDCDsgnIntegerProperty
Name TDCDsgnStringProperty
c TDCDsgnIntegerProperty
Tag TDCDsgnIntegerProperty
Name TDCDsgnStringProperty
c TDCDsgnIntegerProperty
FR.inc not found
D:\MyDelphi6\Components\FastReport\source\ado\FR_Class.pas not found
FR.inc not found
D:\MyDelphi6\Components\FastReport\source\ado\FR_Const.pas not found
FR.inc not found
D:\MyDelphi6\Components\FastReport\source\ado\QBuilder.pas not found
FR.inc not found
D:\MyDelphi6\Components\FastReport\source\ado\FR_Class.pas not found
D:\MyDelphi6\Components\FastReport\source\ado\FR_Pars.pas not found
FR.inc not found
D:\MyDelphi6\Components\FastReport\source\ado\FR_Class.pas not found
D:\MyDelphi6\Components\FastReport\source\ado\FR_DBSet.pas not found
D:\MyDelphi6\Components\FastReport\source\ado\FR_DBUtils.pas not found
FR.inc not found
D:\MyDelphi6\Components\FastReport\source\ado\FR_Ctrls.pas not found
D:\MyDelphi6\Components\FastReport\source\ado\FR_Class.pas not found
D:\MyDelphi6\Components\FastReport\source\ado\FR_Pars.pas not found
D:\MyDelphi6\Components\FastReport\source\ado\FR_Class.pas not found
D:\MyDelphi6\Components\FastReport\source\ado\FR_DBSet.pas not found
D:\MyDelphi6\Components\FastReport\source\ado\FR_DBUtils.pas not found
FR.inc not found
D:\MyDelphi6\Components\FastReport\source\ado\FR_Class.pas not found
D:\MyDelphi6\Components\FastReport\source\ado\FR_DBSet.pas not found
FR.inc not found
D:\MyDelphi6\Components\FastReport\source\bde\FR_Class.pas not found
FR.inc not found
D:\MyDelphi6\Components\FastReport\source\bde\FR_Const.pas not found
FR.inc not found
D:\MyDelphi6\Components\FastReport\source\bde\QBuilder.pas not found
FR.inc not found
D:\MyDelphi6\Components\FastReport\source\bde\FR_Class.pas not found
D:\MyDelphi6\Components\FastReport\source\bde\FR_Pars.pas not found
FR.inc not found
D:\MyDelphi6\Components\FastReport\source\bde\FR_Class.pas not found
D:\MyDelphi6\Components\FastReport\source\bde\FR_DBSet.pas not found
D:\MyDelphi6\Components\FastReport\source\bde\FR_DBUtils.pas not found
FR.inc not found
D:\MyDelphi6\Components\FastReport\source\bde\FR_Ctrls.pas not found
D:\MyDelphi6\Components\FastReport\source\bde\FR_Class.pas not found
D:\MyDelphi6\Components\FastReport\source\bde\FR_Pars.pas not found
D:\MyDelphi6\Components\FastReport\source\bde\FR_Class.pas not found
D:\MyDelphi6\Components\FastReport\source\bde\FR_DBSet.pas not found
D:\MyDelphi6\Components\FastReport\source\bde\FR_DBUtils.pas not found
Tag TDCDsgnIntegerProperty
Name TDCDsgnStringProperty
c TDCDsgnIntegerProperty
Tag TDCDsgnIntegerProperty
Name TDCDsgnStringProperty
c TDCDsgnIntegerProperty
D:\MyDelphi6\Components\FastReport\source\ado\QBuilder.pas not found
D:\MyDelphi6\Components\FastReport\source\bde\QBuilder.pas not found
D:\MyDelphi6\Components\FastReport\source\dbx\QBuilder.pas not found
D:\MyDelphi6\Components\FastReport\source\QBuilder.pas not found
D:\MyDelphi6\Components\FastReport\source\RxRiched.pas not found
D:\MyDelphi6\Components\FastReport\source\ibx\QBuilder.pas not found
D:\MyDelphi6\Components\FastReport\source\xxx\UXXXDatabase.pas not found
D:\MyDelphi6\Components\FastReport\source\xxx\UXXXTable.pas not found
D:\MyDelphi6\Components\FastReport\source\xxx\UXXXQuery.pas not found
D:\MyDelphi6\Components\FastReport\source\xxx\QBuilder.pas not found
D:\MyDelphi6\Components\FastReport\source\xxx\UXXXQuery.pas not found
D:\MyDelphi6\Components\FastReport\source\xxx\UXXXTable.pas not found
D:\MyDelphi6\Components\FastReport\source\xxx\UXXXQuery.pas not found
D:\MyDelphi6\Components\FastReport\source\xxx\UXXXQuery.pas not found
D:\MyDelphi6\Components\FastReport\source\xxx\UXXXTable.pas not found
D:\MyDelphi6\Components\FastReport\source\xxx\UXXXTable.pas not found
Tag TDCDsgnIntegerProperty
Name TDCDsgnStringProperty
c TDCDsgnIntegerProperty
Tag TDCDsgnIntegerProperty
Name TDCDsgnStringProperty
c TDCDsgnIntegerProperty
D:\MyDelphi6\Components\FastReport\source\QBuilder.pas not found
D:\MyDelphi6\Components\FastReport\source\RxRiched.pas not found
Tag TDCDsgnIntegerProperty
Name TDCDsgnStringProperty
c TDCDsgnIntegerProperty
Tag TDCDsgnIntegerProperty
Name TDCDsgnStringProperty
c TDCDsgnIntegerProperty
D:\MyDelphi6\Components\FastReport\Source\QBuilder.pas not found
D:\MyDelphi6\Components\FastReport\Source\RxRiched.pas not found
D:\MyDelphi6\Components\FastReport\Source\jpeg.pas not found
D:\MyDelphi6\Components\FastReport\Source\JPEG.pas not found
Tag TDCDsgnIntegerProperty
Name TDCDsgnStringProperty
c TDCDsgnIntegerProperty
Tag TDCDsgnIntegerProperty
Name TDCDsgnStringProperty
c TDCDsgnIntegerProperty
Tag TDCDsgnIntegerProperty
Name TDCDsgnStringProperty
c TDCDsgnIntegerProperty
Tag TDCDsgnIntegerProperty
Name TDCDsgnStringProperty
c TDCDsgnIntegerProperty
Tag TDCDsgnIntegerProperty
Name TDCDsgnStringProperty
c TDCDsgnIntegerProperty
Tag TDCDsgnIntegerProperty
Name TDCDsgnStringProperty
c TDCDsgnIntegerProperty
Tag TDCDsgnIntegerProperty
Name TDCDsgnStringProperty
c TDCDsgnIntegerProperty
Tag TDCDsgnIntegerProperty
Name TDCDsgnStringProperty
c TDCDsgnIntegerProperty
Tag TDCDsgnIntegerProperty
Name TDCDsgnStringProperty
c TDCDsgnIntegerProperty
Tag TDCDsgnIntegerProperty
Name TDCDsgnStringProperty
c TDCDsgnIntegerProperty
Tag TDCDsgnIntegerProperty
Name TDCDsgnStringProperty
c TDCDsgnIntegerProperty
Tag TDCDsgnIntegerProperty
Name TDCDsgnStringProperty
c TDCDsgnIntegerProperty
Tag TDCDsgnIntegerProperty
Name TDCDsgnStringProperty
c TDCDsgnIntegerProperty
Tag TDCDsgnIntegerProperty
Name TDCDsgnStringProperty
c TDCDsgnIntegerProperty
Tag TDCDsgnIntegerProperty
Name TDCDsgnStringProperty
c TDCDsgnIntegerProperty
Tag TDCDsgnIntegerProperty
Name TDCDsgnStringProperty
c TDCDsgnIntegerProperty
Tag TDCDsgnIntegerProperty
Name TDCDsgnStringProperty
c TDCDsgnIntegerProperty
Tag TDCDsgnIntegerProperty
Name TDCDsgnStringProperty
c TDCDsgnIntegerProperty
Tag TDCDsgnIntegerProperty
Name TDCDsgnStringProperty
c TDCDsgnIntegerProperty
Tag TDCDsgnIntegerProperty
Name TDCDsgnStringProperty
c TDCDsgnIntegerProperty
D:\MyDelphi6\Components\FastReport\Source\QBuilder.pas not found
D:\MyDelphi6\Components\FastReport\Source\RxRiched.pas not found
D:\MyDelphi6\Components\FastReport\Source\jpeg.pas not found
D:\MyDelphi6\Components\FastReport\Source\JPEG.pas not found
D:\MyDelphi6\Components\FastReport\Source\QBuilder.pas not found
D:\MyDelphi6\Components\FastReport\Source\RxRiched.pas not found
D:\MyDelphi6\Components\FastReport\Source\jpeg.pas not found
D:\MyDelphi6\Components\FastReport\Source\JPEG.pas not found
Tag TDCDsgnIntegerProperty
Name TDCDsgnStringProperty
c TDCDsgnIntegerProperty
Tag TDCDsgnIntegerProperty
Name TDCDsgnStringProperty
c TDCDsgnIntegerProperty
D:\MyDelphi6\Components\FastReport\Source\QBuilder.pas not found
D:\MyDelphi6\Components\FastReport\Source\RxRiched.pas not found
D:\MyDelphi6\Components\FastReport\Source\jpeg.pas not found
D:\MyDelphi6\Components\FastReport\Source\JPEG.pas not found
Tag TDCDsgnIntegerProperty
Name TDCDsgnStringProperty
c TDCDsgnIntegerProperty
Tag TDCDsgnIntegerProperty
Name TDCDsgnStringProperty
c TDCDsgnIntegerProperty
Tag TDCDsgnIntegerProperty
Name TDCDsgnStringProperty
c TDCDsgnIntegerProperty
Tag TDCDsgnIntegerProperty
Name TDCDsgnStringProperty
c TDCDsgnIntegerProperty
Tag TDCDsgnIntegerProperty
Name TDCDsgnStringProperty
c TDCDsgnIntegerProperty
Tag TDCDsgnIntegerProperty
Name TDCDsgnStringProperty
c TDCDsgnIntegerProperty
Tag TDCDsgnIntegerProperty
Name TDCDsgnStringProperty
c TDCDsgnIntegerProperty
Tag TDCDsgnIntegerProperty
Name TDCDsgnStringProperty
c TDCDsgnIntegerProperty
Tag TDCDsgnIntegerProperty
Name TDCDsgnStringProperty
c TDCDsgnIntegerProperty
Tag TDCDsgnIntegerProperty
Name TDCDsgnStringProperty
c TDCDsgnIntegerProperty
Tag TDCDsgnIntegerProperty
Name TDCDsgnStringProperty
c TDCDsgnIntegerProperty
Tag TDCDsgnIntegerProperty
Name TDCDsgnStringProperty
c TDCDsgnIntegerProperty
Tag TDCDsgnIntegerProperty
Name TDCDsgnStringProperty
c TDCDsgnIntegerProperty
Tag TDCDsgnIntegerProperty
Name TDCDsgnStringProperty
c TDCDsgnIntegerProperty
Tag TDCDsgnIntegerProperty
Name TDCDsgnStringProperty
c TDCDsgnIntegerProperty
Tag TDCDsgnIntegerProperty
Name TDCDsgnStringProperty
c TDCDsgnIntegerProperty
Tag TDCDsgnIntegerProperty
Name TDCDsgnStringProperty
c TDCDsgnIntegerProperty
Tag TDCDsgnIntegerProperty
Name TDCDsgnStringProperty
c TDCDsgnIntegerProperty
Tag TDCDsgnIntegerProperty
Name TDCDsgnStringProperty
c TDCDsgnIntegerProperty
Tag TDCDsgnIntegerProperty
Name TDCDsgnStringProperty
c TDCDsgnIntegerProperty
Tag TDCDsgnIntegerProperty
Name TDCDsgnStringProperty
c TDCDsgnIntegerProperty
Tag TDCDsgnIntegerProperty
Name TDCDsgnStringProperty
c TDCDsgnIntegerProperty
Tag TDCDsgnIntegerProperty
Name TDCDsgnStringProperty
c TDCDsgnIntegerProperty
Tag TDCDsgnIntegerProperty
Name TDCDsgnStringProperty
c TDCDsgnIntegerProperty
Tag TDCDsgnIntegerProperty
Name TDCDsgnStringProperty
c TDCDsgnIntegerProperty
Tag TDCDsgnIntegerProperty
Name TDCDsgnStringProperty
c TDCDsgnIntegerProperty
C:\MyDelphi6\Projects\Allegro\Source\dcntree.pas not found
dc.inc not found
C:\MyDelphi6\Projects\Allegro\Source\dcnTree.pas not found
Tag TDCDsgnIntegerProperty
Name TDCDsgnStringProperty
c TDCDsgnIntegerProperty
Tag TDCDsgnIntegerProperty
Name TDCDsgnStringProperty
c TDCDsgnIntegerProperty
Tag TDCDsgnIntegerProperty
Name TDCDsgnStringProperty
c TDCDsgnIntegerProperty
Tag TDCDsgnIntegerProperty
Name TDCDsgnStringProperty
c TDCDsgnIntegerProperty
Tag TDCDsgnIntegerProperty
Name TDCDsgnStringProperty
c TDCDsgnIntegerProperty
Tag TDCDsgnIntegerProperty
Name TDCDsgnStringProperty
c TDCDsgnIntegerProperty
Tag TDCDsgnIntegerProperty
Name TDCDsgnStringProperty
c TDCDsgnIntegerProperty
Tag TDCDsgnIntegerProperty
Name TDCDsgnStringProperty
c TDCDsgnIntegerProperty
Tag TDCDsgnIntegerProperty
Name TDCDsgnStringProperty
c TDCDsgnIntegerProperty
Tag TDCDsgnIntegerProperty
Name TDCDsgnStringProperty
c TDCDsgnIntegerProperty
Tag TDCDsgnIntegerProperty
Name TDCDsgnStringProperty
c TDCDsgnIntegerProperty
Tag TDCDsgnIntegerProperty
Name TDCDsgnStringProperty
c TDCDsgnIntegerProperty
Tag TDCDsgnIntegerProperty
Name TDCDsgnStringProperty
c TDCDsgnIntegerProperty
Tag TDCDsgnIntegerProperty
Name TDCDsgnStringProperty
c TDCDsgnIntegerProperty
Tag TDCDsgnIntegerProperty
Name TDCDsgnStringProperty
c TDCDsgnIntegerProperty
Tag TDCDsgnIntegerProperty
Name TDCDsgnStringProperty
c TDCDsgnIntegerProperty
Tag TDCDsgnIntegerProperty
Name TDCDsgnStringProperty
c TDCDsgnIntegerProperty
Tag TDCDsgnIntegerProperty
Name TDCDsgnStringProperty
c TDCDsgnIntegerProperty
C:\MyDelphi6\Projects\Allegro\Source\ToolEdit.pas not found
C:\MyDelphi6\Projects\Allegro\Source\IdHTTP.pas not found
C:\MyDelphi6\Projects\Allegro\Source\IdGlobal.pas not found
C:\MyDelphi6\Projects\Allegro\Source\ToolEdit.pas not found
Tag TDCDsgnIntegerProperty
Name TDCDsgnStringProperty
c TDCDsgnIntegerProperty
Tag TDCDsgnIntegerProperty
Name TDCDsgnStringProperty
c TDCDsgnIntegerProperty
Tag TDCDsgnIntegerProperty
Name TDCDsgnStringProperty
c TDCDsgnIntegerProperty
Tag TDCDsgnIntegerProperty
Name TDCDsgnStringProperty
c TDCDsgnIntegerProperty
D:\MyDelphi6\Projects\Allegro\Source\DbAGrids.pas not found
D:\MyDelphi6\Projects\Allegro\Source\dcntree.pas not found
D:\MyDelphi6\Projects\Allegro\Source\dcTreeGrid.pas not found
D:\MyDelphi6\Projects\Allegro\Source\dcntree.pas not found
D:\MyDelphi6\Projects\Allegro\Source\dcTreeGrid.pas not found
D:\MyDelphi6\Projects\Allegro\Source\dcDTree.pas not found
D:\MyDelphi6\Projects\Allegro\Source\dcntree.pas not found
D:\MyDelphi6\Projects\Allegro\Source\dcTreeGrid.pas not found
D:\MyDelphi6\Projects\Allegro\Source\RxLookup.pas not found
D:\MyDelphi6\Projects\Allegro\Source\DbAGrids.pas not found
D:\MyDelphi6\Projects\Allegro\Source\dcntree.pas not found
D:\MyDelphi6\Projects\Allegro\Source\RxMemDS.pas not found
D:\MyDelphi6\Projects\Allegro\Source\ToolEdit.pas not found
D:\MyDelphi6\Projects\Allegro\Source\dcntree.pas not found
D:\MyDelphi6\Projects\Allegro\Source\dcTreeGrid.pas not found
D:\MyDelphi6\Projects\Allegro\Source\dcntree.pas not found
D:\MyDelphi6\Projects\Allegro\Source\dcTreeGrid.pas not found
D:\MyDelphi6\Projects\Allegro\Source\DbAGrids.pas not found
D:\MyDelphi6\Projects\Allegro\Source\dcntree.pas not found
D:\MyDelphi6\Projects\Allegro\Source\dcTreeGrid.pas not found
D:\MyDelphi6\Projects\Allegro\Source\DbAGrids.pas not found
D:\MyDelphi6\Projects\Allegro\Source\dcntree.pas not found
D:\MyDelphi6\Projects\Allegro\Source\dcTreeGrid.pas not found
D:\MyDelphi6\Projects\Allegro\Source\DbAGrids.pas not found
D:\MyDelphi6\Projects\Allegro\Source\dcntree.pas not found
D:\MyDelphi6\Projects\Allegro\Source\dcTreeGrid.pas not found
D:\MyDelphi6\Projects\Allegro\Source\DbAGrids.pas not found
D:\MyDelphi6\Projects\Allegro\Source\dcntree.pas not found
D:\MyDelphi6\Projects\Allegro\Source\dcTreeGrid.pas not found
D:\MyDelphi6\Projects\Allegro\Source\dcntree.pas not found
D:\MyDelphi6\Projects\Allegro\Source\dcTreeGrid.pas not found
D:\MyDelphi6\Projects\Allegro\Source\dcntree.pas not found
D:\MyDelphi6\Projects\Allegro\Source\dcTreeGrid.pas not found
D:\MyDelphi6\Projects\Allegro\Source\dccommon.pas not found
D:\MyDelphi6\Projects\Allegro\Source\dcmemo.pas not found
D:\MyDelphi6\Projects\Allegro\Source\dcsystem.pas not found
D:\MyDelphi6\Projects\Allegro\Source\dcparser.pas not found
D:\MyDelphi6\Projects\Allegro\Source\RXDBCtrl.pas not found
D:\MyDelphi6\Projects\Allegro\Source\RxMemDS.pas not found
D:\MyDelphi6\Projects\Allegro\Source\Placemnt.pas not found
D:\MyDelphi6\Projects\Allegro\Source\dcntree.pas not found
D:\MyDelphi6\Projects\Allegro\Source\dcTreeGrid.pas not found
Tag TDCDsgnIntegerProperty
Name TDCDsgnStringProperty
c TDCDsgnIntegerProperty
Tag TDCDsgnIntegerProperty
Name TDCDsgnStringProperty
c TDCDsgnIntegerProperty
Tag TDCDsgnIntegerProperty
Name TDCDsgnStringProperty
c TDCDsgnIntegerProperty
Tag TDCDsgnIntegerProperty
Name TDCDsgnStringProperty
c TDCDsgnIntegerProperty
Tag TDCDsgnIntegerProperty
Name TDCDsgnStringProperty
c TDCDsgnIntegerProperty
Tag TDCDsgnIntegerProperty
Name TDCDsgnStringProperty
c TDCDsgnIntegerProperty
Tag TDCDsgnIntegerProperty
Name TDCDsgnStringProperty
c TDCDsgnIntegerProperty
Tag TDCDsgnIntegerProperty
Name TDCDsgnStringProperty
c TDCDsgnIntegerProperty
Tag TDCDsgnIntegerProperty
Name TDCDsgnStringProperty
c TDCDsgnIntegerProperty
Tag TDCDsgnIntegerProperty
Name TDCDsgnStringProperty
c TDCDsgnIntegerProperty
Tag TDCDsgnIntegerProperty
Name TDCDsgnStringProperty
c TDCDsgnIntegerProperty
Tag TDCDsgnIntegerProperty
Name TDCDsgnStringProperty
c TDCDsgnIntegerProperty
Tag TDCDsgnIntegerProperty
Name TDCDsgnStringProperty
c TDCDsgnIntegerProperty
Tag TDCDsgnIntegerProperty
Name TDCDsgnStringProperty
c TDCDsgnIntegerProperty
