Tag TDCDsgnIntegerProperty
Name TDCDsgnStringProperty
c TDCDsgnIntegerProperty
Tag TDCDsgnIntegerProperty
Name TDCDsgnStringProperty
c TDCDsgnIntegerProperty
Width TDCDsgnIntegerProperty
Visible TDCDsgnEnumProperty
Version TDCDsgnStringProperty
Top TDCDsgnIntegerProperty
ToolTips TDCDsgnEnumProperty
Tag TDCDsgnIntegerProperty
TabStop TDCDsgnEnumProperty
TabOrder TDCDsgnTabOrderProperty
StateImages TDCDsgnComponentProperty
SortType TDCDsgnEnumProperty
ShowRoot TDCDsgnEnumProperty
ShowLines TDCDsgnEnumProperty
ShowHint TDCDsgnEnumProperty
ShowButtons TDCDsgnEnumProperty
SelectOnlySiblings TDCDsgnEnumProperty
SelectDelay TDCDsgnIntegerProperty
RowSelect TDCDsgnEnumProperty
RightClickSelect TDCDsgnEnumProperty
ReadOnly TDCDsgnEnumProperty
PopupMenu TDCDsgnComponentProperty
ParentShowHint TDCDsgnEnumProperty
ParentFont TDCDsgnEnumProperty
ParentCtl3D TDCDsgnEnumProperty
ParentColor TDCDsgnEnumProperty
ParentBiDiMode TDCDsgnEnumProperty
OnStartDrag TDCDsgnMethodProperty
OnStartDock TDCDsgnMethodProperty
OnSelectionChanged TDCDsgnMethodProperty
OnMouseUp TDCDsgnMethodProperty
OnMouseMove TDCDsgnMethodProperty
OnMouseDown TDCDsgnMethodProperty
OnKeyUp TDCDsgnMethodProperty
OnKeyPress TDCDsgnMethodProperty
OnKeyDown TDCDsgnMethodProperty
OnGetSelectedIndex TDCDsgnMethodProperty
OnGetImageIndex TDCDsgnMethodProperty
OnExpanding TDCDsgnMethodProperty
OnExpanded TDCDsgnMethodProperty
OnExit TDCDsgnMethodProperty
OnEnter TDCDsgnMethodProperty
OnEndDrag TDCDsgnMethodProperty
OnEndDock TDCDsgnMethodProperty
OnEditing TDCDsgnMethodProperty
OnEdited TDCDsgnMethodProperty
OnDragOver TDCDsgnMethodProperty
OnDragDrop TDCDsgnMethodProperty
OnDeletion TDCDsgnMethodProperty
OnDblClick TDCDsgnMethodProperty
OnCustomDrawItem TDCDsgnMethodProperty
OnCustomDraw TDCDsgnMethodProperty
OnCompare TDCDsgnMethodProperty
OnCollapsing TDCDsgnMethodProperty
OnCollapsed TDCDsgnMethodProperty
OnClickCheck TDCDsgnMethodProperty
OnClick TDCDsgnMethodProperty
OnChanging TDCDsgnMethodProperty
OnChange TDCDsgnMethodProperty
OnAdvancedCustomDrawItem TDCDsgnMethodProperty
Name TDCDsgnComponentNameProperty
MultiSelect TDCDsgnEnumProperty
Left TDCDsgnIntegerProperty
Items TDCModalTreeEdit
Indent TDCDsgnIntegerProperty
Images TDCDsgnComponentProperty
HotTrack TDCDsgnEnumProperty
Hint TDCDsgnStringProperty
HideSelection TDCDsgnEnumProperty
HelpType TDCDsgnEnumProperty
HelpKeyword TDCDsgnStringProperty
HelpContext TDCDsgnIntegerProperty
Height TDCDsgnIntegerProperty
Font TDCDsgnFontProperty
ExpandOnDrag TDCDsgnEnumProperty
Enabled TDCDsgnEnumProperty
DragMode TDCDsgnEnumProperty
DragKind TDCDsgnEnumProperty
DragExpandDelay TDCDsgnIntegerProperty
DragCursor TDCDsgnCursorProperty
DeselectOnButton TDCDsgnEnumProperty
Cursor TDCDsgnCursorProperty
Ctl3D TDCDsgnEnumProperty
Constraints TDCDsgnClassProperty
Color TDCDsgnColorProperty
CheckBoxes TDCDsgnEnumProperty
ChangeDelay TDCDsgnIntegerProperty
BorderWidth TDCDsgnIntegerProperty
BorderStyle TDCDsgnEnumProperty
BiDiMode TDCDsgnEnumProperty
AutoScroll TDCDsgnEnumProperty
AutoExpand TDCDsgnEnumProperty
Anchors TDCDsgnSetProperty
AllowMultiDrag TDCDsgnEnumProperty
AllowGrayed TDCDsgnEnumProperty
Align TDCDsgnEnumProperty
Width TDCDsgnIntegerProperty
Visible TDCDsgnEnumProperty
Version TDCDsgnStringProperty
Top TDCDsgnIntegerProperty
ToolTips TDCDsgnEnumProperty
Tag TDCDsgnIntegerProperty
TabStop TDCDsgnEnumProperty
TabOrder TDCDsgnTabOrderProperty
StateImages TDCDsgnComponentProperty
SortType TDCDsgnEnumProperty
ShowRoot TDCDsgnEnumProperty
ShowLines TDCDsgnEnumProperty
ShowHint TDCDsgnEnumProperty
ShowButtons TDCDsgnEnumProperty
SelectOnlySiblings TDCDsgnEnumProperty
SelectDelay TDCDsgnIntegerProperty
RowSelect TDCDsgnEnumProperty
RightClickSelect TDCDsgnEnumProperty
ReadOnly TDCDsgnEnumProperty
PopupMenu TDCDsgnComponentProperty
ParentShowHint TDCDsgnEnumProperty
ParentFont TDCDsgnEnumProperty
ParentCtl3D TDCDsgnEnumProperty
ParentColor TDCDsgnEnumProperty
ParentBiDiMode TDCDsgnEnumProperty
OnStartDrag TDCDsgnMethodProperty
OnStartDock TDCDsgnMethodProperty
OnSelectionChanged TDCDsgnMethodProperty
OnMouseUp TDCDsgnMethodProperty
OnMouseMove TDCDsgnMethodProperty
OnMouseDown TDCDsgnMethodProperty
OnKeyUp TDCDsgnMethodProperty
OnKeyPress TDCDsgnMethodProperty
OnKeyDown TDCDsgnMethodProperty
OnGetSelectedIndex TDCDsgnMethodProperty
OnGetImageIndex TDCDsgnMethodProperty
OnExpanding TDCDsgnMethodProperty
OnExpanded TDCDsgnMethodProperty
OnExit TDCDsgnMethodProperty
OnEnter TDCDsgnMethodProperty
OnEndDrag TDCDsgnMethodProperty
OnEndDock TDCDsgnMethodProperty
OnEditing TDCDsgnMethodProperty
OnEdited TDCDsgnMethodProperty
OnDragOver TDCDsgnMethodProperty
OnDragDrop TDCDsgnMethodProperty
OnDeletion TDCDsgnMethodProperty
OnDblClick TDCDsgnMethodProperty
OnCustomDrawItem TDCDsgnMethodProperty
OnCustomDraw TDCDsgnMethodProperty
OnCompare TDCDsgnMethodProperty
OnCollapsing TDCDsgnMethodProperty
OnCollapsed TDCDsgnMethodProperty
OnClickCheck TDCDsgnMethodProperty
OnClick TDCDsgnMethodProperty
OnChanging TDCDsgnMethodProperty
OnChange TDCDsgnMethodProperty
OnAdvancedCustomDrawItem TDCDsgnMethodProperty
Name TDCDsgnComponentNameProperty
MultiSelect TDCDsgnEnumProperty
Left TDCDsgnIntegerProperty
Items TDCModalTreeEdit
Indent TDCDsgnIntegerProperty
Images TDCDsgnComponentProperty
HotTrack TDCDsgnEnumProperty
Hint TDCDsgnStringProperty
HideSelection TDCDsgnEnumProperty
HelpType TDCDsgnEnumProperty
HelpKeyword TDCDsgnStringProperty
HelpContext TDCDsgnIntegerProperty
Height TDCDsgnIntegerProperty
Font TDCDsgnFontProperty
ExpandOnDrag TDCDsgnEnumProperty
Enabled TDCDsgnEnumProperty
DragMode TDCDsgnEnumProperty
DragKind TDCDsgnEnumProperty
DragExpandDelay TDCDsgnIntegerProperty
DragCursor TDCDsgnCursorProperty
DeselectOnButton TDCDsgnEnumProperty
Cursor TDCDsgnCursorProperty
Ctl3D TDCDsgnEnumProperty
Constraints TDCDsgnClassProperty
Color TDCDsgnColorProperty
CheckBoxes TDCDsgnEnumProperty
ChangeDelay TDCDsgnIntegerProperty
BorderWidth TDCDsgnIntegerProperty
BorderStyle TDCDsgnEnumProperty
BiDiMode TDCDsgnEnumProperty
AutoScroll TDCDsgnEnumProperty
AutoExpand TDCDsgnEnumProperty
Anchors TDCDsgnSetProperty
AllowMultiDrag TDCDsgnEnumProperty
AllowGrayed TDCDsgnEnumProperty
Align TDCDsgnEnumProperty
Width TDCDsgnIntegerProperty
Visible TDCDsgnEnumProperty
Version TDCDsgnStringProperty
Top TDCDsgnIntegerProperty
ToolTips TDCDsgnEnumProperty
Tag TDCDsgnIntegerProperty
TabStop TDCDsgnEnumProperty
TabOrder TDCDsgnTabOrderProperty
StateImages TDCDsgnComponentProperty
SortType TDCDsgnEnumProperty
ShowRoot TDCDsgnEnumProperty
ShowLines TDCDsgnEnumProperty
ShowHint TDCDsgnEnumProperty
ShowButtons TDCDsgnEnumProperty
SelectOnlySiblings TDCDsgnEnumProperty
SelectDelay TDCDsgnIntegerProperty
RowSelect TDCDsgnEnumProperty
RightClickSelect TDCDsgnEnumProperty
ReadOnly TDCDsgnEnumProperty
PopupMenu TDCDsgnComponentProperty
ParentShowHint TDCDsgnEnumProperty
ParentFont TDCDsgnEnumProperty
ParentCtl3D TDCDsgnEnumProperty
ParentColor TDCDsgnEnumProperty
ParentBiDiMode TDCDsgnEnumProperty
OnStartDrag TDCDsgnMethodProperty
OnStartDock TDCDsgnMethodProperty
OnSelectionChanged TDCDsgnMethodProperty
OnMouseUp TDCDsgnMethodProperty
OnMouseMove TDCDsgnMethodProperty
OnMouseDown TDCDsgnMethodProperty
OnKeyUp TDCDsgnMethodProperty
OnKeyPress TDCDsgnMethodProperty
OnKeyDown TDCDsgnMethodProperty
OnGetSelectedIndex TDCDsgnMethodProperty
OnGetImageIndex TDCDsgnMethodProperty
OnExpanding TDCDsgnMethodProperty
OnExpanded TDCDsgnMethodProperty
OnExit TDCDsgnMethodProperty
OnEnter TDCDsgnMethodProperty
OnEndDrag TDCDsgnMethodProperty
OnEndDock TDCDsgnMethodProperty
OnEditing TDCDsgnMethodProperty
OnEdited TDCDsgnMethodProperty
OnDragOver TDCDsgnMethodProperty
OnDragDrop TDCDsgnMethodProperty
OnDeletion TDCDsgnMethodProperty
OnDblClick TDCDsgnMethodProperty
OnCustomDrawItem TDCDsgnMethodProperty
OnCustomDraw TDCDsgnMethodProperty
OnCompare TDCDsgnMethodProperty
OnCollapsing TDCDsgnMethodProperty
OnCollapsed TDCDsgnMethodProperty
OnClickCheck TDCDsgnMethodProperty
OnClick TDCDsgnMethodProperty
OnChanging TDCDsgnMethodProperty
OnChange TDCDsgnMethodProperty
OnAdvancedCustomDrawItem TDCDsgnMethodProperty
Name TDCDsgnComponentNameProperty
MultiSelect TDCDsgnEnumProperty
Left TDCDsgnIntegerProperty
Items TDCModalTreeEdit
Indent TDCDsgnIntegerProperty
Images TDCDsgnComponentProperty
HotTrack TDCDsgnEnumProperty
Hint TDCDsgnStringProperty
HideSelection TDCDsgnEnumProperty
HelpType TDCDsgnEnumProperty
HelpKeyword TDCDsgnStringProperty
HelpContext TDCDsgnIntegerProperty
Height TDCDsgnIntegerProperty
Font TDCDsgnFontProperty
ExpandOnDrag TDCDsgnEnumProperty
Enabled TDCDsgnEnumProperty
DragMode TDCDsgnEnumProperty
DragKind TDCDsgnEnumProperty
DragExpandDelay TDCDsgnIntegerProperty
DragCursor TDCDsgnCursorProperty
DeselectOnButton TDCDsgnEnumProperty
Cursor TDCDsgnCursorProperty
Ctl3D TDCDsgnEnumProperty
Constraints TDCDsgnClassProperty
Color TDCDsgnColorProperty
CheckBoxes TDCDsgnEnumProperty
ChangeDelay TDCDsgnIntegerProperty
BorderWidth TDCDsgnIntegerProperty
BorderStyle TDCDsgnEnumProperty
BiDiMode TDCDsgnEnumProperty
AutoScroll TDCDsgnEnumProperty
AutoExpand TDCDsgnEnumProperty
Anchors TDCDsgnSetProperty
AllowMultiDrag TDCDsgnEnumProperty
AllowGrayed TDCDsgnEnumProperty
Align TDCDsgnEnumProperty
Width TDCDsgnIntegerProperty
Visible TDCDsgnEnumProperty
Version TDCDsgnStringProperty
Top TDCDsgnIntegerProperty
ToolTips TDCDsgnEnumProperty
Tag TDCDsgnIntegerProperty
TabStop TDCDsgnEnumProperty
TabOrder TDCDsgnTabOrderProperty
StateImages TDCDsgnComponentProperty
SortType TDCDsgnEnumProperty
ShowRoot TDCDsgnEnumProperty
ShowLines TDCDsgnEnumProperty
ShowHint TDCDsgnEnumProperty
ShowButtons TDCDsgnEnumProperty
SelectOnlySiblings TDCDsgnEnumProperty
SelectDelay TDCDsgnIntegerProperty
RowSelect TDCDsgnEnumProperty
RightClickSelect TDCDsgnEnumProperty
ReadOnly TDCDsgnEnumProperty
PopupMenu TDCDsgnComponentProperty
ParentShowHint TDCDsgnEnumProperty
ParentFont TDCDsgnEnumProperty
ParentCtl3D TDCDsgnEnumProperty
ParentColor TDCDsgnEnumProperty
ParentBiDiMode TDCDsgnEnumProperty
OnStartDrag TDCDsgnMethodProperty
OnStartDock TDCDsgnMethodProperty
OnSelectionChanged TDCDsgnMethodProperty
OnMouseUp TDCDsgnMethodProperty
OnMouseMove TDCDsgnMethodProperty
OnMouseDown TDCDsgnMethodProperty
OnKeyUp TDCDsgnMethodProperty
OnKeyPress TDCDsgnMethodProperty
OnKeyDown TDCDsgnMethodProperty
OnGetSelectedIndex TDCDsgnMethodProperty
OnGetImageIndex TDCDsgnMethodProperty
OnExpanding TDCDsgnMethodProperty
OnExpanded TDCDsgnMethodProperty
OnExit TDCDsgnMethodProperty
OnEnter TDCDsgnMethodProperty
OnEndDrag TDCDsgnMethodProperty
OnEndDock TDCDsgnMethodProperty
OnEditing TDCDsgnMethodProperty
OnEdited TDCDsgnMethodProperty
OnDragOver TDCDsgnMethodProperty
OnDragDrop TDCDsgnMethodProperty
OnDeletion TDCDsgnMethodProperty
OnDblClick TDCDsgnMethodProperty
OnCustomDrawItem TDCDsgnMethodProperty
OnCustomDraw TDCDsgnMethodProperty
OnCompare TDCDsgnMethodProperty
OnCollapsing TDCDsgnMethodProperty
OnCollapsed TDCDsgnMethodProperty
OnClickCheck TDCDsgnMethodProperty
OnClick TDCDsgnMethodProperty
OnChanging TDCDsgnMethodProperty
OnChange TDCDsgnMethodProperty
OnAdvancedCustomDrawItem TDCDsgnMethodProperty
Name TDCDsgnComponentNameProperty
MultiSelect TDCDsgnEnumProperty
Left TDCDsgnIntegerProperty
Items TDCModalTreeEdit
Indent TDCDsgnIntegerProperty
Images TDCDsgnComponentProperty
HotTrack TDCDsgnEnumProperty
Hint TDCDsgnStringProperty
HideSelection TDCDsgnEnumProperty
HelpType TDCDsgnEnumProperty
HelpKeyword TDCDsgnStringProperty
HelpContext TDCDsgnIntegerProperty
Height TDCDsgnIntegerProperty
Font TDCDsgnFontProperty
ExpandOnDrag TDCDsgnEnumProperty
Enabled TDCDsgnEnumProperty
DragMode TDCDsgnEnumProperty
DragKind TDCDsgnEnumProperty
DragExpandDelay TDCDsgnIntegerProperty
DragCursor TDCDsgnCursorProperty
DeselectOnButton TDCDsgnEnumProperty
Cursor TDCDsgnCursorProperty
Ctl3D TDCDsgnEnumProperty
Constraints TDCDsgnClassProperty
Color TDCDsgnColorProperty
CheckBoxes TDCDsgnEnumProperty
ChangeDelay TDCDsgnIntegerProperty
BorderWidth TDCDsgnIntegerProperty
BorderStyle TDCDsgnEnumProperty
BiDiMode TDCDsgnEnumProperty
AutoScroll TDCDsgnEnumProperty
AutoExpand TDCDsgnEnumProperty
Anchors TDCDsgnSetProperty
AllowMultiDrag TDCDsgnEnumProperty
AllowGrayed TDCDsgnEnumProperty
Align TDCDsgnEnumProperty
Width TDCDsgnIntegerProperty
Visible TDCDsgnEnumProperty
Version TDCDsgnStringProperty
Top TDCDsgnIntegerProperty
ToolTips TDCDsgnEnumProperty
Tag TDCDsgnIntegerProperty
TabStop TDCDsgnEnumProperty
TabOrder TDCDsgnTabOrderProperty
StateImages TDCDsgnComponentProperty
SortType TDCDsgnEnumProperty
ShowRoot TDCDsgnEnumProperty
ShowLines TDCDsgnEnumProperty
ShowHint TDCDsgnEnumProperty
ShowButtons TDCDsgnEnumProperty
SelectOnlySiblings TDCDsgnEnumProperty
SelectDelay TDCDsgnIntegerProperty
RowSelect TDCDsgnEnumProperty
RightClickSelect TDCDsgnEnumProperty
ReadOnly TDCDsgnEnumProperty
PopupMenu TDCDsgnComponentProperty
ParentShowHint TDCDsgnEnumProperty
ParentFont TDCDsgnEnumProperty
ParentCtl3D TDCDsgnEnumProperty
ParentColor TDCDsgnEnumProperty
ParentBiDiMode TDCDsgnEnumProperty
OnStartDrag TDCDsgnMethodProperty
OnStartDock TDCDsgnMethodProperty
OnSelectionChanged TDCDsgnMethodProperty
OnMouseUp TDCDsgnMethodProperty
OnMouseMove TDCDsgnMethodProperty
OnMouseDown TDCDsgnMethodProperty
OnKeyUp TDCDsgnMethodProperty
OnKeyPress TDCDsgnMethodProperty
OnKeyDown TDCDsgnMethodProperty
OnGetSelectedIndex TDCDsgnMethodProperty
OnGetImageIndex TDCDsgnMethodProperty
OnExpanding TDCDsgnMethodProperty
OnExpanded TDCDsgnMethodProperty
OnExit TDCDsgnMethodProperty
OnEnter TDCDsgnMethodProperty
OnEndDrag TDCDsgnMethodProperty
OnEndDock TDCDsgnMethodProperty
OnEditing TDCDsgnMethodProperty
OnEdited TDCDsgnMethodProperty
OnDragOver TDCDsgnMethodProperty
OnDragDrop TDCDsgnMethodProperty
OnDeletion TDCDsgnMethodProperty
OnDblClick TDCDsgnMethodProperty
OnCustomDrawItem TDCDsgnMethodProperty
OnCustomDraw TDCDsgnMethodProperty
OnCompare TDCDsgnMethodProperty
OnCollapsing TDCDsgnMethodProperty
OnCollapsed TDCDsgnMethodProperty
OnClickCheck TDCDsgnMethodProperty
OnClick TDCDsgnMethodProperty
OnChanging TDCDsgnMethodProperty
OnChange TDCDsgnMethodProperty
OnAdvancedCustomDrawItem TDCDsgnMethodProperty
Name TDCDsgnComponentNameProperty
MultiSelect TDCDsgnEnumProperty
Left TDCDsgnIntegerProperty
Items TDCModalTreeEdit
Indent TDCDsgnIntegerProperty
Images TDCDsgnComponentProperty
HotTrack TDCDsgnEnumProperty
Hint TDCDsgnStringProperty
HideSelection TDCDsgnEnumProperty
HelpType TDCDsgnEnumProperty
HelpKeyword TDCDsgnStringProperty
HelpContext TDCDsgnIntegerProperty
Height TDCDsgnIntegerProperty
Font TDCDsgnFontProperty
ExpandOnDrag TDCDsgnEnumProperty
Enabled TDCDsgnEnumProperty
DragMode TDCDsgnEnumProperty
DragKind TDCDsgnEnumProperty
DragExpandDelay TDCDsgnIntegerProperty
DragCursor TDCDsgnCursorProperty
DeselectOnButton TDCDsgnEnumProperty
Cursor TDCDsgnCursorProperty
Ctl3D TDCDsgnEnumProperty
Constraints TDCDsgnClassProperty
Color TDCDsgnColorProperty
CheckBoxes TDCDsgnEnumProperty
ChangeDelay TDCDsgnIntegerProperty
BorderWidth TDCDsgnIntegerProperty
BorderStyle TDCDsgnEnumProperty
BiDiMode TDCDsgnEnumProperty
AutoScroll TDCDsgnEnumProperty
AutoExpand TDCDsgnEnumProperty
Anchors TDCDsgnSetProperty
AllowMultiDrag TDCDsgnEnumProperty
AllowGrayed TDCDsgnEnumProperty
Align TDCDsgnEnumProperty
Version TDCDsgnStringProperty
Tag TDCDsgnIntegerProperty
Name TDCDsgnComponentNameProperty
FileName TFileNameEdit
Width TDCDsgnIntegerProperty
Visible TDCDsgnEnumProperty
Version TDCDsgnStringProperty
Top TDCDsgnIntegerProperty
ToolTips TDCDsgnEnumProperty
Tag TDCDsgnIntegerProperty
TabStop TDCDsgnEnumProperty
TabOrder TDCDsgnTabOrderProperty
StateImages TDCDsgnComponentProperty
SortType TDCDsgnEnumProperty
ShowRoot TDCDsgnEnumProperty
ShowLines TDCDsgnEnumProperty
ShowHint TDCDsgnEnumProperty
ShowButtons TDCDsgnEnumProperty
SelectOnlySiblings TDCDsgnEnumProperty
SelectDelay TDCDsgnIntegerProperty
RowSelect TDCDsgnEnumProperty
RightClickSelect TDCDsgnEnumProperty
ReadOnly TDCDsgnEnumProperty
PopupMenu TDCDsgnComponentProperty
ParentShowHint TDCDsgnEnumProperty
ParentFont TDCDsgnEnumProperty
ParentCtl3D TDCDsgnEnumProperty
ParentColor TDCDsgnEnumProperty
ParentBiDiMode TDCDsgnEnumProperty
OnStartDrag TDCDsgnMethodProperty
OnStartDock TDCDsgnMethodProperty
OnSelectionChanged TDCDsgnMethodProperty
OnMouseUp TDCDsgnMethodProperty
OnMouseMove TDCDsgnMethodProperty
OnMouseDown TDCDsgnMethodProperty
OnKeyUp TDCDsgnMethodProperty
OnKeyPress TDCDsgnMethodProperty
OnKeyDown TDCDsgnMethodProperty
OnGetSelectedIndex TDCDsgnMethodProperty
OnGetImageIndex TDCDsgnMethodProperty
OnExpanding TDCDsgnMethodProperty
OnExpanded TDCDsgnMethodProperty
OnExit TDCDsgnMethodProperty
OnEnter TDCDsgnMethodProperty
OnEndDrag TDCDsgnMethodProperty
OnEndDock TDCDsgnMethodProperty
OnEditing TDCDsgnMethodProperty
OnEdited TDCDsgnMethodProperty
OnDragOver TDCDsgnMethodProperty
OnDragDrop TDCDsgnMethodProperty
OnDeletion TDCDsgnMethodProperty
OnDblClick TDCDsgnMethodProperty
OnCustomDrawItem TDCDsgnMethodProperty
OnCustomDraw TDCDsgnMethodProperty
OnCompare TDCDsgnMethodProperty
OnCollapsing TDCDsgnMethodProperty
OnCollapsed TDCDsgnMethodProperty
OnClickCheck TDCDsgnMethodProperty
OnClick TDCDsgnMethodProperty
OnChanging TDCDsgnMethodProperty
OnChange TDCDsgnMethodProperty
OnAdvancedCustomDrawItem TDCDsgnMethodProperty
Name TDCDsgnComponentNameProperty
MultiSelect TDCDsgnEnumProperty
Left TDCDsgnIntegerProperty
Items TDCModalTreeEdit
Indent TDCDsgnIntegerProperty
Images TDCDsgnComponentProperty
HotTrack TDCDsgnEnumProperty
Hint TDCDsgnStringProperty
HideSelection TDCDsgnEnumProperty
HelpType TDCDsgnEnumProperty
HelpKeyword TDCDsgnStringProperty
HelpContext TDCDsgnIntegerProperty
Height TDCDsgnIntegerProperty
Font TDCDsgnFontProperty
ExpandOnDrag TDCDsgnEnumProperty
Enabled TDCDsgnEnumProperty
DragMode TDCDsgnEnumProperty
DragKind TDCDsgnEnumProperty
DragExpandDelay TDCDsgnIntegerProperty
DragCursor TDCDsgnCursorProperty
DeselectOnButton TDCDsgnEnumProperty
Cursor TDCDsgnCursorProperty
Ctl3D TDCDsgnEnumProperty
Constraints TDCDsgnClassProperty
Color TDCDsgnColorProperty
CheckBoxes TDCDsgnEnumProperty
ChangeDelay TDCDsgnIntegerProperty
BorderWidth TDCDsgnIntegerProperty
BorderStyle TDCDsgnEnumProperty
BiDiMode TDCDsgnEnumProperty
AutoScroll TDCDsgnEnumProperty
AutoExpand TDCDsgnEnumProperty
Anchors TDCDsgnSetProperty
AllowMultiDrag TDCDsgnEnumProperty
AllowGrayed TDCDsgnEnumProperty
Align TDCDsgnEnumProperty
Text TDCDsgnStringProperty
StateIndex TTreeImageStateEdit
SelectedIndex TTreeImageIndexEdit
ImageIndex TTreeImageIndexEdit
WindowState TDCDsgnEnumProperty
WindowMenu TDCDsgnComponentProperty
Width TDCDsgnIntegerProperty
Visible TDCDsgnEnumProperty
VertScrollBar TDCDsgnClassProperty
UseDockManager TDCDsgnEnumProperty
TransparentColorValue TDCDsgnColorProperty
TransparentColor TDCDsgnEnumProperty
Top TDCDsgnIntegerProperty
Tag TDCDsgnIntegerProperty
ShowHint TDCDsgnEnumProperty
Scaled TDCDsgnEnumProperty
PrintScale TDCDsgnEnumProperty
Position TDCDsgnEnumProperty
PopupMenu TDCDsgnComponentProperty
PixelsPerInch TDCDsgnIntegerProperty
ParentFont TDCDsgnEnumProperty
ParentBiDiMode TDCDsgnEnumProperty
OldCreateOrder TDCDsgnEnumProperty
ObjectMenuItem TDCDsgnComponentProperty
Name TDCDsgnComponentNameProperty
Menu TDCDsgnComponentProperty
Left TDCDsgnIntegerProperty
KeyPreview TDCDsgnEnumProperty
Icon TIconEdit
HorzScrollBar TDCDsgnClassProperty
Hint TDCDsgnStringProperty
HelpType TDCDsgnEnumProperty
HelpKeyword TDCDsgnStringProperty
HelpFile TDCDsgnStringProperty
HelpContext TDCDsgnIntegerProperty
Height TDCDsgnIntegerProperty
FormStyle TDCDsgnEnumProperty
Font TDCDsgnFontProperty
Enabled TDCDsgnEnumProperty
DragMode TDCDsgnEnumProperty
DragKind TDCDsgnEnumProperty
DockSite TDCDsgnEnumProperty
DefaultMonitor TDCDsgnEnumProperty
Cursor TDCDsgnCursorProperty
Ctl3D TDCDsgnEnumProperty
Constraints TDCDsgnClassProperty
Color TDCDsgnColorProperty
ClientWidth TDCDsgnIntegerProperty
ClientHeight TDCDsgnIntegerProperty
Caption TDCDsgnCaptionProperty
BorderWidth TDCDsgnIntegerProperty
BorderStyle TDCDsgnEnumProperty
BorderIcons TDCDsgnSetProperty
BiDiMode TDCDsgnEnumProperty
AutoSize TDCDsgnEnumProperty
AutoScroll TDCDsgnEnumProperty
Anchors TDCDsgnSetProperty
AlphaBlendValue TDCDsgnIntegerProperty
AlphaBlend TDCDsgnEnumProperty
Align TDCDsgnEnumProperty
ActiveControl TDCDsgnComponentProperty
Action TDCDsgnComponentProperty
Width TDCDsgnIntegerProperty
Visible TDCDsgnEnumProperty
Top TDCDsgnIntegerProperty
Tag TDCDsgnIntegerProperty
TabWidth TDCDsgnIntegerProperty
TabStop TDCDsgnEnumProperty
TabPosition TDCDsgnEnumProperty
TabOrder TDCDsgnTabOrderProperty
TabIndex TDCDsgnIntegerProperty
TabHeight TDCDsgnIntegerProperty
Style TDCDsgnEnumProperty
ShowHint TDCDsgnEnumProperty
ScrollOpposite TDCDsgnEnumProperty
RaggedRight TDCDsgnEnumProperty
PopupMenu TDCDsgnComponentProperty
ParentShowHint TDCDsgnEnumProperty
ParentFont TDCDsgnEnumProperty
ParentBiDiMode TDCDsgnEnumProperty
OwnerDraw TDCDsgnEnumProperty
Name TDCDsgnComponentNameProperty
MultiLine TDCDsgnEnumProperty
Left TDCDsgnIntegerProperty
Images TDCDsgnComponentProperty
HotTrack TDCDsgnEnumProperty
Hint TDCDsgnStringProperty
HelpType TDCDsgnEnumProperty
HelpKeyword TDCDsgnStringProperty
HelpContext TDCDsgnIntegerProperty
Height TDCDsgnIntegerProperty
Font TDCDsgnFontProperty
Enabled TDCDsgnEnumProperty
DragMode TDCDsgnEnumProperty
DragKind TDCDsgnEnumProperty
DragCursor TDCDsgnCursorProperty
DockSite TDCDsgnEnumProperty
Cursor TDCDsgnCursorProperty
Constraints TDCDsgnClassProperty
BiDiMode TDCDsgnEnumProperty
Anchors TDCDsgnSetProperty
Align TDCDsgnEnumProperty
ActivePage TDCDsgnComponentProperty
Width TDCDsgnIntegerProperty
Visible TDCDsgnEnumProperty
Top TDCDsgnIntegerProperty
Tag TDCDsgnIntegerProperty
TabVisible TDCDsgnEnumProperty
ShowHint TDCDsgnEnumProperty
PopupMenu TDCDsgnComponentProperty
ParentShowHint TDCDsgnEnumProperty
ParentFont TDCDsgnEnumProperty
PageIndex TDCDsgnIntegerProperty
Name TDCDsgnComponentNameProperty
Left TDCDsgnIntegerProperty
ImageIndex TDCDsgnIntegerProperty
Hint TDCDsgnStringProperty
Highlighted TDCDsgnEnumProperty
HelpType TDCDsgnEnumProperty
HelpKeyword TDCDsgnStringProperty
HelpContext TDCDsgnIntegerProperty
Height TDCDsgnIntegerProperty
Font TDCDsgnFontProperty
Enabled TDCDsgnEnumProperty
DragMode TDCDsgnEnumProperty
Cursor TDCDsgnCursorProperty
Constraints TDCDsgnClassProperty
Caption TDCDsgnCaptionProperty
BorderWidth TDCDsgnIntegerProperty
Width TDCDsgnIntegerProperty
Visible TDCDsgnEnumProperty
Version TDCDsgnStringProperty
Top TDCDsgnIntegerProperty
Tag TDCDsgnIntegerProperty
ResizeStyle TDCDsgnEnumProperty
ParentColor TDCDsgnEnumProperty
Name TDCDsgnComponentNameProperty
MinSize TDCDsgnIntegerProperty
Left TDCDsgnIntegerProperty
Hint TDCDsgnStringProperty
HelpType TDCDsgnEnumProperty
HelpKeyword TDCDsgnStringProperty
HelpContext TDCDsgnIntegerProperty
Height TDCDsgnIntegerProperty
Cursor TDCDsgnCursorProperty
Constraints TDCDsgnClassProperty
Color TDCDsgnColorProperty
Beveled TDCDsgnEnumProperty
AutoSnap TDCDsgnEnumProperty
Align TDCDsgnEnumProperty
Width TDCDsgnIntegerProperty
Visible TDCDsgnEnumProperty
Version TDCDsgnStringProperty
Top TDCDsgnIntegerProperty
ToolTips TDCDsgnEnumProperty
Tag TDCDsgnIntegerProperty
TabStop TDCDsgnEnumProperty
TabOrder TDCDsgnTabOrderProperty
Source TDCDsgnComponentProperty
ShowRoot TDCDsgnEnumProperty
ShowLines TDCDsgnEnumProperty
ShowHint TDCDsgnEnumProperty
ShowButtons TDCDsgnEnumProperty
SelectOnlySiblings TDCDsgnEnumProperty
RowSelect TDCDsgnEnumProperty
RightClickSelect TDCDsgnEnumProperty
ReadOnly TDCDsgnEnumProperty
PopupMenu TDCDsgnComponentProperty
ParentShowHint TDCDsgnEnumProperty
ParentFont TDCDsgnEnumProperty
ParentCtl3D TDCDsgnEnumProperty
ParentColor TDCDsgnEnumProperty
ParentBiDiMode TDCDsgnEnumProperty
Options TDCDsgnSetProperty
Name TDCDsgnComponentNameProperty
MultiSelect TDCDsgnEnumProperty
Left TDCDsgnIntegerProperty
Indent TDCDsgnIntegerProperty
HotTrack TDCDsgnEnumProperty
Hint TDCDsgnStringProperty
HideSelection TDCDsgnEnumProperty
HelpType TDCDsgnEnumProperty
HelpKeyword TDCDsgnStringProperty
HelpContext TDCDsgnIntegerProperty
Height TDCDsgnIntegerProperty
Font TDCDsgnFontProperty
ExpandOnDrag TDCDsgnEnumProperty
Enabled TDCDsgnEnumProperty
DragMode TDCDsgnEnumProperty
DragKind TDCDsgnEnumProperty
DragExpandDelay TDCDsgnIntegerProperty
DragCursor TDCDsgnCursorProperty
Cursor TDCDsgnCursorProperty
Ctl3D TDCDsgnEnumProperty
Constraints TDCDsgnClassProperty
Color TDCDsgnColorProperty
CheckBoxes TDCDsgnEnumProperty
ChangeDelay TDCDsgnIntegerProperty
BorderWidth TDCDsgnIntegerProperty
BorderStyle TDCDsgnEnumProperty
BiDiMode TDCDsgnEnumProperty
AutoScroll TDCDsgnEnumProperty
AutoExpand TDCDsgnEnumProperty
Anchors TDCDsgnSetProperty
AllowGrayed TDCDsgnEnumProperty
Align TDCDsgnEnumProperty
Text TDCDsgnStringProperty
StateIndex TTreeImageStateEdit
SelectedIndex TTreeImageIndexEdit
ImageIndex TTreeImageIndexEdit
Text TDCDsgnStringProperty
StateIndex TTreeImageStateEdit
SelectedIndex TTreeImageIndexEdit
ImageIndex TTreeImageIndexEdit
Text TDCDsgnStringProperty
StateIndex TTreeImageStateEdit
SelectedIndex TTreeImageIndexEdit
ImageIndex TTreeImageIndexEdit
Text TDCDsgnStringProperty
StateIndex TTreeImageStateEdit
SelectedIndex TTreeImageIndexEdit
ImageIndex TTreeImageIndexEdit
Text TDCDsgnStringProperty
StateIndex TTreeImageStateEdit
SelectedIndex TTreeImageIndexEdit
ImageIndex TTreeImageIndexEdit
Text TDCDsgnStringProperty
StateIndex TTreeImageStateEdit
SelectedIndex TTreeImageIndexEdit
ImageIndex TTreeImageIndexEdit
Text TDCDsgnStringProperty
StateIndex TTreeImageStateEdit
SelectedIndex TTreeImageIndexEdit
ImageIndex TTreeImageIndexEdit
Width TDCDsgnIntegerProperty
Visible TDCDsgnEnumProperty
UseDockManager TDCDsgnEnumProperty
Top TDCDsgnIntegerProperty
Tag TDCDsgnIntegerProperty
TabStop TDCDsgnEnumProperty
TabOrder TDCDsgnTabOrderProperty
ShowHint TDCDsgnEnumProperty
PopupMenu TDCDsgnComponentProperty
ParentShowHint TDCDsgnEnumProperty
ParentFont TDCDsgnEnumProperty
ParentCtl3D TDCDsgnEnumProperty
ParentColor TDCDsgnEnumProperty
ParentBiDiMode TDCDsgnEnumProperty
Name TDCDsgnComponentNameProperty
Locked TDCDsgnEnumProperty
Left TDCDsgnIntegerProperty
Hint TDCDsgnStringProperty
HelpType TDCDsgnEnumProperty
HelpKeyword TDCDsgnStringProperty
HelpContext TDCDsgnIntegerProperty
Height TDCDsgnIntegerProperty
FullRepaint TDCDsgnEnumProperty
Font TDCDsgnFontProperty
Enabled TDCDsgnEnumProperty
DragMode TDCDsgnEnumProperty
DragKind TDCDsgnEnumProperty
DragCursor TDCDsgnCursorProperty
DockSite TDCDsgnEnumProperty
Cursor TDCDsgnCursorProperty
Ctl3D TDCDsgnEnumProperty
Constraints TDCDsgnClassProperty
Color TDCDsgnColorProperty
Caption TDCDsgnCaptionProperty
BorderWidth TDCDsgnIntegerProperty
BorderStyle TDCDsgnEnumProperty
BiDiMode TDCDsgnEnumProperty
BevelWidth TDCDsgnIntegerProperty
BevelOuter TDCDsgnEnumProperty
BevelInner TDCDsgnEnumProperty
AutoSize TDCDsgnEnumProperty
Anchors TDCDsgnSetProperty
Alignment TDCDsgnEnumProperty
Align TDCDsgnEnumProperty
OnUnDock TDCDsgnMethodProperty
OnStartDrag TDCDsgnMethodProperty
OnStartDock TDCDsgnMethodProperty
OnResize TDCDsgnMethodProperty
OnMouseUp TDCDsgnMethodProperty
OnMouseMove TDCDsgnMethodProperty
OnMouseDown TDCDsgnMethodProperty
OnGetSiteInfo TDCDsgnMethodProperty
OnExit TDCDsgnMethodProperty
OnEnter TDCDsgnMethodProperty
OnEndDrag TDCDsgnMethodProperty
OnEndDock TDCDsgnMethodProperty
OnDragOver TDCDsgnMethodProperty
OnDragDrop TDCDsgnMethodProperty
OnDockOver TDCDsgnMethodProperty
OnDockDrop TDCDsgnMethodProperty
OnDblClick TDCDsgnMethodProperty
OnContextPopup TDCDsgnMethodProperty
OnConstrainedResize TDCDsgnMethodProperty
OnClick TDCDsgnMethodProperty
OnCanResize TDCDsgnMethodProperty
Width TDCDsgnIntegerProperty
Visible TDCDsgnEnumProperty
UseDockManager TDCDsgnEnumProperty
Top TDCDsgnIntegerProperty
Tag TDCDsgnIntegerProperty
TabStop TDCDsgnEnumProperty
TabOrder TDCDsgnTabOrderProperty
ShowHint TDCDsgnEnumProperty
PopupMenu TDCDsgnComponentProperty
ParentShowHint TDCDsgnEnumProperty
ParentFont TDCDsgnEnumProperty
ParentCtl3D TDCDsgnEnumProperty
ParentColor TDCDsgnEnumProperty
ParentBiDiMode TDCDsgnEnumProperty
Name TDCDsgnComponentNameProperty
Locked TDCDsgnEnumProperty
Left TDCDsgnIntegerProperty
Hint TDCDsgnStringProperty
HelpType TDCDsgnEnumProperty
HelpKeyword TDCDsgnStringProperty
HelpContext TDCDsgnIntegerProperty
Height TDCDsgnIntegerProperty
FullRepaint TDCDsgnEnumProperty
Font TDCDsgnFontProperty
Enabled TDCDsgnEnumProperty
DragMode TDCDsgnEnumProperty
DragKind TDCDsgnEnumProperty
DragCursor TDCDsgnCursorProperty
DockSite TDCDsgnEnumProperty
Cursor TDCDsgnCursorProperty
Ctl3D TDCDsgnEnumProperty
Constraints TDCDsgnClassProperty
Color TDCDsgnColorProperty
Caption TDCDsgnCaptionProperty
BorderWidth TDCDsgnIntegerProperty
BorderStyle TDCDsgnEnumProperty
BiDiMode TDCDsgnEnumProperty
BevelWidth TDCDsgnIntegerProperty
BevelOuter TDCDsgnEnumProperty
BevelInner TDCDsgnEnumProperty
AutoSize TDCDsgnEnumProperty
Anchors TDCDsgnSetProperty
Alignment TDCDsgnEnumProperty
Align TDCDsgnEnumProperty
Width TDCDsgnIntegerProperty
Visible TDCDsgnEnumProperty
Version TDCDsgnStringProperty
Top TDCDsgnIntegerProperty
Tag TDCDsgnIntegerProperty
ResizeStyle TDCDsgnEnumProperty
ParentColor TDCDsgnEnumProperty
Name TDCDsgnComponentNameProperty
MinSize TDCDsgnIntegerProperty
Left TDCDsgnIntegerProperty
Hint TDCDsgnStringProperty
HelpType TDCDsgnEnumProperty
HelpKeyword TDCDsgnStringProperty
HelpContext TDCDsgnIntegerProperty
Height TDCDsgnIntegerProperty
Cursor TDCDsgnCursorProperty
Constraints TDCDsgnClassProperty
Color TDCDsgnColorProperty
Beveled TDCDsgnEnumProperty
AutoSnap TDCDsgnEnumProperty
Align TDCDsgnEnumProperty
Width TDCDsgnIntegerProperty
Visible TDCDsgnEnumProperty
Top TDCDsgnIntegerProperty
Tag TDCDsgnIntegerProperty
TabVisible TDCDsgnEnumProperty
ShowHint TDCDsgnEnumProperty
PopupMenu TDCDsgnComponentProperty
ParentShowHint TDCDsgnEnumProperty
ParentFont TDCDsgnEnumProperty
PageIndex TDCDsgnIntegerProperty
Name TDCDsgnComponentNameProperty
Left TDCDsgnIntegerProperty
ImageIndex TDCDsgnIntegerProperty
Hint TDCDsgnStringProperty
Highlighted TDCDsgnEnumProperty
HelpType TDCDsgnEnumProperty
HelpKeyword TDCDsgnStringProperty
HelpContext TDCDsgnIntegerProperty
Height TDCDsgnIntegerProperty
Font TDCDsgnFontProperty
Enabled TDCDsgnEnumProperty
DragMode TDCDsgnEnumProperty
Cursor TDCDsgnCursorProperty
Constraints TDCDsgnClassProperty
Caption TDCDsgnCaptionProperty
BorderWidth TDCDsgnIntegerProperty
Width TDCDsgnIntegerProperty
Visible TDCDsgnEnumProperty
UseDockManager TDCDsgnEnumProperty
Top TDCDsgnIntegerProperty
Tag TDCDsgnIntegerProperty
TabStop TDCDsgnEnumProperty
TabOrder TDCDsgnTabOrderProperty
ShowHint TDCDsgnEnumProperty
PopupMenu TDCDsgnComponentProperty
ParentShowHint TDCDsgnEnumProperty
ParentFont TDCDsgnEnumProperty
ParentCtl3D TDCDsgnEnumProperty
ParentColor TDCDsgnEnumProperty
ParentBiDiMode TDCDsgnEnumProperty
Name TDCDsgnComponentNameProperty
Locked TDCDsgnEnumProperty
Left TDCDsgnIntegerProperty
Hint TDCDsgnStringProperty
HelpType TDCDsgnEnumProperty
HelpKeyword TDCDsgnStringProperty
HelpContext TDCDsgnIntegerProperty
Height TDCDsgnIntegerProperty
FullRepaint TDCDsgnEnumProperty
Font TDCDsgnFontProperty
Enabled TDCDsgnEnumProperty
DragMode TDCDsgnEnumProperty
DragKind TDCDsgnEnumProperty
DragCursor TDCDsgnCursorProperty
DockSite TDCDsgnEnumProperty
Cursor TDCDsgnCursorProperty
Ctl3D TDCDsgnEnumProperty
Constraints TDCDsgnClassProperty
Color TDCDsgnColorProperty
Caption TDCDsgnCaptionProperty
BorderWidth TDCDsgnIntegerProperty
BorderStyle TDCDsgnEnumProperty
BiDiMode TDCDsgnEnumProperty
BevelWidth TDCDsgnIntegerProperty
BevelOuter TDCDsgnEnumProperty
BevelInner TDCDsgnEnumProperty
AutoSize TDCDsgnEnumProperty
Anchors TDCDsgnSetProperty
Alignment TDCDsgnEnumProperty
Align TDCDsgnEnumProperty
Width TDCDsgnIntegerProperty
Visible TDCDsgnEnumProperty
Transparent TDCDsgnEnumProperty
Top TDCDsgnIntegerProperty
Tag TDCDsgnIntegerProperty
Spacing TDCDsgnIntegerProperty
ShowHint TDCDsgnEnumProperty
PopupMenu TDCDsgnComponentProperty
ParentShowHint TDCDsgnEnumProperty
ParentFont TDCDsgnEnumProperty
ParentBiDiMode TDCDsgnEnumProperty
NumGlyphs TDCDsgnIntegerProperty
Name TDCDsgnComponentNameProperty
Margin TDCDsgnIntegerProperty
Left TDCDsgnIntegerProperty
Layout TDCDsgnEnumProperty
Hint TDCDsgnStringProperty
HelpType TDCDsgnEnumProperty
HelpKeyword TDCDsgnStringProperty
HelpContext TDCDsgnIntegerProperty
Height TDCDsgnIntegerProperty
GroupIndex TDCDsgnIntegerProperty
Glyph TBitmapEdit
Font TDCDsgnFontProperty
Flat TDCDsgnEnumProperty
Enabled TDCDsgnEnumProperty
Down TDCDsgnEnumProperty
Cursor TDCDsgnCursorProperty
Constraints TDCDsgnClassProperty
Caption TDCDsgnCaptionProperty
BiDiMode TDCDsgnEnumProperty
Anchors TDCDsgnSetProperty
AllowAllUp TDCDsgnEnumProperty
Action TDCDsgnComponentProperty
Tag TDCDsgnIntegerProperty
Name TDCDsgnStringProperty
c TDCDsgnIntegerProperty
Tag TDCDsgnIntegerProperty
Name TDCDsgnStringProperty
c TDCDsgnIntegerProperty
Width TDCDsgnIntegerProperty
Visible TDCDsgnEnumProperty
Version TDCDsgnStringProperty
Top TDCDsgnIntegerProperty
ToolTips TDCDsgnEnumProperty
Tag TDCDsgnIntegerProperty
TabStop TDCDsgnEnumProperty
TabOrder TDCDsgnTabOrderProperty
StateImages TDCDsgnComponentProperty
SortType TDCDsgnEnumProperty
ShowRoot TDCDsgnEnumProperty
ShowLines TDCDsgnEnumProperty
ShowHint TDCDsgnEnumProperty
ShowButtons TDCDsgnEnumProperty
SelectOnlySiblings TDCDsgnEnumProperty
SelectDelay TDCDsgnIntegerProperty
RowSelect TDCDsgnEnumProperty
RightClickSelect TDCDsgnEnumProperty
ReadOnly TDCDsgnEnumProperty
PopupMenu TDCDsgnComponentProperty
ParentShowHint TDCDsgnEnumProperty
ParentFont TDCDsgnEnumProperty
ParentCtl3D TDCDsgnEnumProperty
ParentColor TDCDsgnEnumProperty
ParentBiDiMode TDCDsgnEnumProperty
OnStartDrag TDCDsgnMethodProperty
OnStartDock TDCDsgnMethodProperty
OnSelectionChanged TDCDsgnMethodProperty
OnMouseUp TDCDsgnMethodProperty
OnMouseMove TDCDsgnMethodProperty
OnMouseDown TDCDsgnMethodProperty
OnKeyUp TDCDsgnMethodProperty
OnKeyPress TDCDsgnMethodProperty
OnKeyDown TDCDsgnMethodProperty
OnGetSelectedIndex TDCDsgnMethodProperty
OnGetImageIndex TDCDsgnMethodProperty
OnExpanding TDCDsgnMethodProperty
OnExpanded TDCDsgnMethodProperty
OnExit TDCDsgnMethodProperty
OnEnter TDCDsgnMethodProperty
OnEndDrag TDCDsgnMethodProperty
OnEndDock TDCDsgnMethodProperty
OnEditing TDCDsgnMethodProperty
OnEdited TDCDsgnMethodProperty
OnDragOver TDCDsgnMethodProperty
OnDragDrop TDCDsgnMethodProperty
OnDeletion TDCDsgnMethodProperty
OnDblClick TDCDsgnMethodProperty
OnCustomDrawItem TDCDsgnMethodProperty
OnCustomDraw TDCDsgnMethodProperty
OnCompare TDCDsgnMethodProperty
OnCollapsing TDCDsgnMethodProperty
OnCollapsed TDCDsgnMethodProperty
OnClickCheck TDCDsgnMethodProperty
OnClick TDCDsgnMethodProperty
OnChanging TDCDsgnMethodProperty
OnChange TDCDsgnMethodProperty
OnAdvancedCustomDrawItem TDCDsgnMethodProperty
Name TDCDsgnComponentNameProperty
MultiSelect TDCDsgnEnumProperty
Left TDCDsgnIntegerProperty
Items TDCModalTreeEdit
Indent TDCDsgnIntegerProperty
Images TDCDsgnComponentProperty
HotTrack TDCDsgnEnumProperty
Hint TDCDsgnStringProperty
HideSelection TDCDsgnEnumProperty
HelpType TDCDsgnEnumProperty
HelpKeyword TDCDsgnStringProperty
HelpContext TDCDsgnIntegerProperty
Height TDCDsgnIntegerProperty
Font TDCDsgnFontProperty
ExpandOnDrag TDCDsgnEnumProperty
Enabled TDCDsgnEnumProperty
DragMode TDCDsgnEnumProperty
DragKind TDCDsgnEnumProperty
DragExpandDelay TDCDsgnIntegerProperty
DragCursor TDCDsgnCursorProperty
DeselectOnButton TDCDsgnEnumProperty
Cursor TDCDsgnCursorProperty
Ctl3D TDCDsgnEnumProperty
Constraints TDCDsgnClassProperty
Color TDCDsgnColorProperty
CheckBoxes TDCDsgnEnumProperty
ChangeDelay TDCDsgnIntegerProperty
BorderWidth TDCDsgnIntegerProperty
BorderStyle TDCDsgnEnumProperty
BiDiMode TDCDsgnEnumProperty
AutoScroll TDCDsgnEnumProperty
AutoExpand TDCDsgnEnumProperty
Anchors TDCDsgnSetProperty
AllowMultiDrag TDCDsgnEnumProperty
AllowGrayed TDCDsgnEnumProperty
Align TDCDsgnEnumProperty
Width TDCDsgnIntegerProperty
Visible TDCDsgnEnumProperty
Version TDCDsgnStringProperty
Top TDCDsgnIntegerProperty
ToolTips TDCDsgnEnumProperty
Tag TDCDsgnIntegerProperty
TabStop TDCDsgnEnumProperty
TabOrder TDCDsgnTabOrderProperty
StateImages TDCDsgnComponentProperty
SortType TDCDsgnEnumProperty
ShowRoot TDCDsgnEnumProperty
ShowLines TDCDsgnEnumProperty
ShowHint TDCDsgnEnumProperty
ShowButtons TDCDsgnEnumProperty
SelectOnlySiblings TDCDsgnEnumProperty
SelectDelay TDCDsgnIntegerProperty
RowSelect TDCDsgnEnumProperty
RightClickSelect TDCDsgnEnumProperty
ReadOnly TDCDsgnEnumProperty
PopupMenu TDCDsgnComponentProperty
ParentShowHint TDCDsgnEnumProperty
ParentFont TDCDsgnEnumProperty
ParentCtl3D TDCDsgnEnumProperty
ParentColor TDCDsgnEnumProperty
ParentBiDiMode TDCDsgnEnumProperty
OnStartDrag TDCDsgnMethodProperty
OnStartDock TDCDsgnMethodProperty
OnSelectionChanged TDCDsgnMethodProperty
OnMouseUp TDCDsgnMethodProperty
OnMouseMove TDCDsgnMethodProperty
OnMouseDown TDCDsgnMethodProperty
OnKeyUp TDCDsgnMethodProperty
OnKeyPress TDCDsgnMethodProperty
OnKeyDown TDCDsgnMethodProperty
OnGetSelectedIndex TDCDsgnMethodProperty
OnGetImageIndex TDCDsgnMethodProperty
OnExpanding TDCDsgnMethodProperty
OnExpanded TDCDsgnMethodProperty
OnExit TDCDsgnMethodProperty
OnEnter TDCDsgnMethodProperty
OnEndDrag TDCDsgnMethodProperty
OnEndDock TDCDsgnMethodProperty
OnEditing TDCDsgnMethodProperty
OnEdited TDCDsgnMethodProperty
OnDragOver TDCDsgnMethodProperty
OnDragDrop TDCDsgnMethodProperty
OnDeletion TDCDsgnMethodProperty
OnDblClick TDCDsgnMethodProperty
OnCustomDrawItem TDCDsgnMethodProperty
OnCustomDraw TDCDsgnMethodProperty
OnCompare TDCDsgnMethodProperty
OnCollapsing TDCDsgnMethodProperty
OnCollapsed TDCDsgnMethodProperty
OnClickCheck TDCDsgnMethodProperty
OnClick TDCDsgnMethodProperty
OnChanging TDCDsgnMethodProperty
OnChange TDCDsgnMethodProperty
OnAdvancedCustomDrawItem TDCDsgnMethodProperty
Name TDCDsgnComponentNameProperty
MultiSelect TDCDsgnEnumProperty
Left TDCDsgnIntegerProperty
Items TDCModalTreeEdit
Indent TDCDsgnIntegerProperty
Images TDCDsgnComponentProperty
HotTrack TDCDsgnEnumProperty
Hint TDCDsgnStringProperty
HideSelection TDCDsgnEnumProperty
HelpType TDCDsgnEnumProperty
HelpKeyword TDCDsgnStringProperty
HelpContext TDCDsgnIntegerProperty
Height TDCDsgnIntegerProperty
Font TDCDsgnFontProperty
ExpandOnDrag TDCDsgnEnumProperty
Enabled TDCDsgnEnumProperty
DragMode TDCDsgnEnumProperty
DragKind TDCDsgnEnumProperty
DragExpandDelay TDCDsgnIntegerProperty
DragCursor TDCDsgnCursorProperty
DeselectOnButton TDCDsgnEnumProperty
Cursor TDCDsgnCursorProperty
Ctl3D TDCDsgnEnumProperty
Constraints TDCDsgnClassProperty
Color TDCDsgnColorProperty
CheckBoxes TDCDsgnEnumProperty
ChangeDelay TDCDsgnIntegerProperty
BorderWidth TDCDsgnIntegerProperty
BorderStyle TDCDsgnEnumProperty
BiDiMode TDCDsgnEnumProperty
AutoScroll TDCDsgnEnumProperty
AutoExpand TDCDsgnEnumProperty
Anchors TDCDsgnSetProperty
AllowMultiDrag TDCDsgnEnumProperty
AllowGrayed TDCDsgnEnumProperty
Align TDCDsgnEnumProperty
Width TDCDsgnIntegerProperty
Visible TDCDsgnEnumProperty
Version TDCDsgnStringProperty
Top TDCDsgnIntegerProperty
ToolTips TDCDsgnEnumProperty
Tag TDCDsgnIntegerProperty
TabStop TDCDsgnEnumProperty
TabOrder TDCDsgnTabOrderProperty
StateImages TDCDsgnComponentProperty
SortType TDCDsgnEnumProperty
ShowRoot TDCDsgnEnumProperty
ShowLines TDCDsgnEnumProperty
ShowHint TDCDsgnEnumProperty
ShowButtons TDCDsgnEnumProperty
SelectOnlySiblings TDCDsgnEnumProperty
SelectDelay TDCDsgnIntegerProperty
RowSelect TDCDsgnEnumProperty
RightClickSelect TDCDsgnEnumProperty
ReadOnly TDCDsgnEnumProperty
PopupMenu TDCDsgnComponentProperty
ParentShowHint TDCDsgnEnumProperty
ParentFont TDCDsgnEnumProperty
ParentCtl3D TDCDsgnEnumProperty
ParentColor TDCDsgnEnumProperty
ParentBiDiMode TDCDsgnEnumProperty
OnStartDrag TDCDsgnMethodProperty
OnStartDock TDCDsgnMethodProperty
OnSelectionChanged TDCDsgnMethodProperty
OnMouseUp TDCDsgnMethodProperty
OnMouseMove TDCDsgnMethodProperty
OnMouseDown TDCDsgnMethodProperty
OnKeyUp TDCDsgnMethodProperty
OnKeyPress TDCDsgnMethodProperty
OnKeyDown TDCDsgnMethodProperty
OnGetSelectedIndex TDCDsgnMethodProperty
OnGetImageIndex TDCDsgnMethodProperty
OnExpanding TDCDsgnMethodProperty
OnExpanded TDCDsgnMethodProperty
OnExit TDCDsgnMethodProperty
OnEnter TDCDsgnMethodProperty
OnEndDrag TDCDsgnMethodProperty
OnEndDock TDCDsgnMethodProperty
OnEditing TDCDsgnMethodProperty
OnEdited TDCDsgnMethodProperty
OnDragOver TDCDsgnMethodProperty
OnDragDrop TDCDsgnMethodProperty
OnDeletion TDCDsgnMethodProperty
OnDblClick TDCDsgnMethodProperty
OnCustomDrawItem TDCDsgnMethodProperty
OnCustomDraw TDCDsgnMethodProperty
OnCompare TDCDsgnMethodProperty
OnCollapsing TDCDsgnMethodProperty
OnCollapsed TDCDsgnMethodProperty
OnClickCheck TDCDsgnMethodProperty
OnClick TDCDsgnMethodProperty
OnChanging TDCDsgnMethodProperty
OnChange TDCDsgnMethodProperty
OnAdvancedCustomDrawItem TDCDsgnMethodProperty
Name TDCDsgnComponentNameProperty
MultiSelect TDCDsgnEnumProperty
Left TDCDsgnIntegerProperty
Items TDCModalTreeEdit
Indent TDCDsgnIntegerProperty
Images TDCDsgnComponentProperty
HotTrack TDCDsgnEnumProperty
Hint TDCDsgnStringProperty
HideSelection TDCDsgnEnumProperty
HelpType TDCDsgnEnumProperty
HelpKeyword TDCDsgnStringProperty
HelpContext TDCDsgnIntegerProperty
Height TDCDsgnIntegerProperty
Font TDCDsgnFontProperty
ExpandOnDrag TDCDsgnEnumProperty
Enabled TDCDsgnEnumProperty
DragMode TDCDsgnEnumProperty
DragKind TDCDsgnEnumProperty
DragExpandDelay TDCDsgnIntegerProperty
DragCursor TDCDsgnCursorProperty
DeselectOnButton TDCDsgnEnumProperty
Cursor TDCDsgnCursorProperty
Ctl3D TDCDsgnEnumProperty
Constraints TDCDsgnClassProperty
Color TDCDsgnColorProperty
CheckBoxes TDCDsgnEnumProperty
ChangeDelay TDCDsgnIntegerProperty
BorderWidth TDCDsgnIntegerProperty
BorderStyle TDCDsgnEnumProperty
BiDiMode TDCDsgnEnumProperty
AutoScroll TDCDsgnEnumProperty
AutoExpand TDCDsgnEnumProperty
Anchors TDCDsgnSetProperty
AllowMultiDrag TDCDsgnEnumProperty
AllowGrayed TDCDsgnEnumProperty
Align TDCDsgnEnumProperty
Width TDCDsgnIntegerProperty
Visible TDCDsgnEnumProperty
Version TDCDsgnStringProperty
Top TDCDsgnIntegerProperty
ToolTips TDCDsgnEnumProperty
Tag TDCDsgnIntegerProperty
TabStop TDCDsgnEnumProperty
TabOrder TDCDsgnTabOrderProperty
StateImages TDCDsgnComponentProperty
SortType TDCDsgnEnumProperty
ShowRoot TDCDsgnEnumProperty
ShowLines TDCDsgnEnumProperty
ShowHint TDCDsgnEnumProperty
ShowButtons TDCDsgnEnumProperty
SelectOnlySiblings TDCDsgnEnumProperty
SelectDelay TDCDsgnIntegerProperty
RowSelect TDCDsgnEnumProperty
RightClickSelect TDCDsgnEnumProperty
ReadOnly TDCDsgnEnumProperty
PopupMenu TDCDsgnComponentProperty
ParentShowHint TDCDsgnEnumProperty
ParentFont TDCDsgnEnumProperty
ParentCtl3D TDCDsgnEnumProperty
ParentColor TDCDsgnEnumProperty
ParentBiDiMode TDCDsgnEnumProperty
OnStartDrag TDCDsgnMethodProperty
OnStartDock TDCDsgnMethodProperty
OnSelectionChanged TDCDsgnMethodProperty
OnMouseUp TDCDsgnMethodProperty
OnMouseMove TDCDsgnMethodProperty
OnMouseDown TDCDsgnMethodProperty
OnKeyUp TDCDsgnMethodProperty
OnKeyPress TDCDsgnMethodProperty
OnKeyDown TDCDsgnMethodProperty
OnGetSelectedIndex TDCDsgnMethodProperty
OnGetImageIndex TDCDsgnMethodProperty
OnExpanding TDCDsgnMethodProperty
OnExpanded TDCDsgnMethodProperty
OnExit TDCDsgnMethodProperty
OnEnter TDCDsgnMethodProperty
OnEndDrag TDCDsgnMethodProperty
OnEndDock TDCDsgnMethodProperty
OnEditing TDCDsgnMethodProperty
OnEdited TDCDsgnMethodProperty
OnDragOver TDCDsgnMethodProperty
OnDragDrop TDCDsgnMethodProperty
OnDeletion TDCDsgnMethodProperty
OnDblClick TDCDsgnMethodProperty
OnCustomDrawItem TDCDsgnMethodProperty
OnCustomDraw TDCDsgnMethodProperty
OnCompare TDCDsgnMethodProperty
OnCollapsing TDCDsgnMethodProperty
OnCollapsed TDCDsgnMethodProperty
OnClickCheck TDCDsgnMethodProperty
OnClick TDCDsgnMethodProperty
OnChanging TDCDsgnMethodProperty
OnChange TDCDsgnMethodProperty
OnAdvancedCustomDrawItem TDCDsgnMethodProperty
Name TDCDsgnComponentNameProperty
MultiSelect TDCDsgnEnumProperty
Left TDCDsgnIntegerProperty
Items TDCModalTreeEdit
Indent TDCDsgnIntegerProperty
Images TDCDsgnComponentProperty
HotTrack TDCDsgnEnumProperty
Hint TDCDsgnStringProperty
HideSelection TDCDsgnEnumProperty
HelpType TDCDsgnEnumProperty
HelpKeyword TDCDsgnStringProperty
HelpContext TDCDsgnIntegerProperty
Height TDCDsgnIntegerProperty
Font TDCDsgnFontProperty
ExpandOnDrag TDCDsgnEnumProperty
Enabled TDCDsgnEnumProperty
DragMode TDCDsgnEnumProperty
DragKind TDCDsgnEnumProperty
DragExpandDelay TDCDsgnIntegerProperty
DragCursor TDCDsgnCursorProperty
DeselectOnButton TDCDsgnEnumProperty
Cursor TDCDsgnCursorProperty
Ctl3D TDCDsgnEnumProperty
Constraints TDCDsgnClassProperty
Color TDCDsgnColorProperty
CheckBoxes TDCDsgnEnumProperty
ChangeDelay TDCDsgnIntegerProperty
BorderWidth TDCDsgnIntegerProperty
BorderStyle TDCDsgnEnumProperty
BiDiMode TDCDsgnEnumProperty
AutoScroll TDCDsgnEnumProperty
AutoExpand TDCDsgnEnumProperty
Anchors TDCDsgnSetProperty
AllowMultiDrag TDCDsgnEnumProperty
AllowGrayed TDCDsgnEnumProperty
Align TDCDsgnEnumProperty
Width TDCDsgnIntegerProperty
Visible TDCDsgnEnumProperty
Version TDCDsgnStringProperty
Top TDCDsgnIntegerProperty
ToolTips TDCDsgnEnumProperty
Tag TDCDsgnIntegerProperty
TabStop TDCDsgnEnumProperty
TabOrder TDCDsgnTabOrderProperty
StateImages TDCDsgnComponentProperty
SortType TDCDsgnEnumProperty
ShowRoot TDCDsgnEnumProperty
ShowLines TDCDsgnEnumProperty
ShowHint TDCDsgnEnumProperty
ShowButtons TDCDsgnEnumProperty
SelectOnlySiblings TDCDsgnEnumProperty
SelectDelay TDCDsgnIntegerProperty
RowSelect TDCDsgnEnumProperty
RightClickSelect TDCDsgnEnumProperty
ReadOnly TDCDsgnEnumProperty
PopupMenu TDCDsgnComponentProperty
ParentShowHint TDCDsgnEnumProperty
ParentFont TDCDsgnEnumProperty
ParentCtl3D TDCDsgnEnumProperty
ParentColor TDCDsgnEnumProperty
ParentBiDiMode TDCDsgnEnumProperty
OnStartDrag TDCDsgnMethodProperty
OnStartDock TDCDsgnMethodProperty
OnSelectionChanged TDCDsgnMethodProperty
OnMouseUp TDCDsgnMethodProperty
OnMouseMove TDCDsgnMethodProperty
OnMouseDown TDCDsgnMethodProperty
OnKeyUp TDCDsgnMethodProperty
OnKeyPress TDCDsgnMethodProperty
OnKeyDown TDCDsgnMethodProperty
OnGetSelectedIndex TDCDsgnMethodProperty
OnGetImageIndex TDCDsgnMethodProperty
OnExpanding TDCDsgnMethodProperty
OnExpanded TDCDsgnMethodProperty
OnExit TDCDsgnMethodProperty
OnEnter TDCDsgnMethodProperty
OnEndDrag TDCDsgnMethodProperty
OnEndDock TDCDsgnMethodProperty
OnEditing TDCDsgnMethodProperty
OnEdited TDCDsgnMethodProperty
OnDragOver TDCDsgnMethodProperty
OnDragDrop TDCDsgnMethodProperty
OnDeletion TDCDsgnMethodProperty
OnDblClick TDCDsgnMethodProperty
OnCustomDrawItem TDCDsgnMethodProperty
OnCustomDraw TDCDsgnMethodProperty
OnCompare TDCDsgnMethodProperty
OnCollapsing TDCDsgnMethodProperty
OnCollapsed TDCDsgnMethodProperty
OnClickCheck TDCDsgnMethodProperty
OnClick TDCDsgnMethodProperty
OnChanging TDCDsgnMethodProperty
OnChange TDCDsgnMethodProperty
OnAdvancedCustomDrawItem TDCDsgnMethodProperty
Name TDCDsgnComponentNameProperty
MultiSelect TDCDsgnEnumProperty
Left TDCDsgnIntegerProperty
Items TDCModalTreeEdit
Indent TDCDsgnIntegerProperty
Images TDCDsgnComponentProperty
HotTrack TDCDsgnEnumProperty
Hint TDCDsgnStringProperty
HideSelection TDCDsgnEnumProperty
HelpType TDCDsgnEnumProperty
HelpKeyword TDCDsgnStringProperty
HelpContext TDCDsgnIntegerProperty
Height TDCDsgnIntegerProperty
Font TDCDsgnFontProperty
ExpandOnDrag TDCDsgnEnumProperty
Enabled TDCDsgnEnumProperty
DragMode TDCDsgnEnumProperty
DragKind TDCDsgnEnumProperty
DragExpandDelay TDCDsgnIntegerProperty
DragCursor TDCDsgnCursorProperty
DeselectOnButton TDCDsgnEnumProperty
Cursor TDCDsgnCursorProperty
Ctl3D TDCDsgnEnumProperty
Constraints TDCDsgnClassProperty
Color TDCDsgnColorProperty
CheckBoxes TDCDsgnEnumProperty
ChangeDelay TDCDsgnIntegerProperty
BorderWidth TDCDsgnIntegerProperty
BorderStyle TDCDsgnEnumProperty
BiDiMode TDCDsgnEnumProperty
AutoScroll TDCDsgnEnumProperty
AutoExpand TDCDsgnEnumProperty
Anchors TDCDsgnSetProperty
AllowMultiDrag TDCDsgnEnumProperty
AllowGrayed TDCDsgnEnumProperty
Align TDCDsgnEnumProperty
Version TDCDsgnStringProperty
Tag TDCDsgnIntegerProperty
Name TDCDsgnComponentNameProperty
FileName TFileNameEdit
Width TDCDsgnIntegerProperty
Visible TDCDsgnEnumProperty
Version TDCDsgnStringProperty
Top TDCDsgnIntegerProperty
ToolTips TDCDsgnEnumProperty
Tag TDCDsgnIntegerProperty
TabStop TDCDsgnEnumProperty
TabOrder TDCDsgnTabOrderProperty
StateImages TDCDsgnComponentProperty
SortType TDCDsgnEnumProperty
ShowRoot TDCDsgnEnumProperty
ShowLines TDCDsgnEnumProperty
ShowHint TDCDsgnEnumProperty
ShowButtons TDCDsgnEnumProperty
SelectOnlySiblings TDCDsgnEnumProperty
SelectDelay TDCDsgnIntegerProperty
RowSelect TDCDsgnEnumProperty
RightClickSelect TDCDsgnEnumProperty
ReadOnly TDCDsgnEnumProperty
PopupMenu TDCDsgnComponentProperty
ParentShowHint TDCDsgnEnumProperty
ParentFont TDCDsgnEnumProperty
ParentCtl3D TDCDsgnEnumProperty
ParentColor TDCDsgnEnumProperty
ParentBiDiMode TDCDsgnEnumProperty
OnStartDrag TDCDsgnMethodProperty
OnStartDock TDCDsgnMethodProperty
OnSelectionChanged TDCDsgnMethodProperty
OnMouseUp TDCDsgnMethodProperty
OnMouseMove TDCDsgnMethodProperty
OnMouseDown TDCDsgnMethodProperty
OnKeyUp TDCDsgnMethodProperty
OnKeyPress TDCDsgnMethodProperty
OnKeyDown TDCDsgnMethodProperty
OnGetSelectedIndex TDCDsgnMethodProperty
OnGetImageIndex TDCDsgnMethodProperty
OnExpanding TDCDsgnMethodProperty
OnExpanded TDCDsgnMethodProperty
OnExit TDCDsgnMethodProperty
OnEnter TDCDsgnMethodProperty
OnEndDrag TDCDsgnMethodProperty
OnEndDock TDCDsgnMethodProperty
OnEditing TDCDsgnMethodProperty
OnEdited TDCDsgnMethodProperty
OnDragOver TDCDsgnMethodProperty
OnDragDrop TDCDsgnMethodProperty
OnDeletion TDCDsgnMethodProperty
OnDblClick TDCDsgnMethodProperty
OnCustomDrawItem TDCDsgnMethodProperty
OnCustomDraw TDCDsgnMethodProperty
OnCompare TDCDsgnMethodProperty
OnCollapsing TDCDsgnMethodProperty
OnCollapsed TDCDsgnMethodProperty
OnClickCheck TDCDsgnMethodProperty
OnClick TDCDsgnMethodProperty
OnChanging TDCDsgnMethodProperty
OnChange TDCDsgnMethodProperty
OnAdvancedCustomDrawItem TDCDsgnMethodProperty
Name TDCDsgnComponentNameProperty
MultiSelect TDCDsgnEnumProperty
Left TDCDsgnIntegerProperty
Items TDCModalTreeEdit
Indent TDCDsgnIntegerProperty
Images TDCDsgnComponentProperty
HotTrack TDCDsgnEnumProperty
Hint TDCDsgnStringProperty
HideSelection TDCDsgnEnumProperty
HelpType TDCDsgnEnumProperty
HelpKeyword TDCDsgnStringProperty
HelpContext TDCDsgnIntegerProperty
Height TDCDsgnIntegerProperty
Font TDCDsgnFontProperty
ExpandOnDrag TDCDsgnEnumProperty
Enabled TDCDsgnEnumProperty
DragMode TDCDsgnEnumProperty
DragKind TDCDsgnEnumProperty
DragExpandDelay TDCDsgnIntegerProperty
DragCursor TDCDsgnCursorProperty
DeselectOnButton TDCDsgnEnumProperty
Cursor TDCDsgnCursorProperty
Ctl3D TDCDsgnEnumProperty
Constraints TDCDsgnClassProperty
Color TDCDsgnColorProperty
CheckBoxes TDCDsgnEnumProperty
ChangeDelay TDCDsgnIntegerProperty
BorderWidth TDCDsgnIntegerProperty
BorderStyle TDCDsgnEnumProperty
BiDiMode TDCDsgnEnumProperty
AutoScroll TDCDsgnEnumProperty
AutoExpand TDCDsgnEnumProperty
Anchors TDCDsgnSetProperty
AllowMultiDrag TDCDsgnEnumProperty
AllowGrayed TDCDsgnEnumProperty
Align TDCDsgnEnumProperty
Text TDCDsgnStringProperty
StateIndex TTreeImageStateEdit
SelectedIndex TTreeImageIndexEdit
ImageIndex TTreeImageIndexEdit
Text TDCDsgnStringProperty
StateIndex TTreeImageStateEdit
SelectedIndex TTreeImageIndexEdit
ImageIndex TTreeImageIndexEdit
Text TDCDsgnStringProperty
StateIndex TTreeImageStateEdit
SelectedIndex TTreeImageIndexEdit
ImageIndex TTreeImageIndexEdit
Text TDCDsgnStringProperty
StateIndex TTreeImageStateEdit
SelectedIndex TTreeImageIndexEdit
ImageIndex TTreeImageIndexEdit
Text TDCDsgnStringProperty
StateIndex TTreeImageStateEdit
SelectedIndex TTreeImageIndexEdit
ImageIndex TTreeImageIndexEdit
Text TDCDsgnStringProperty
StateIndex TTreeImageStateEdit
SelectedIndex TTreeImageIndexEdit
ImageIndex TTreeImageIndexEdit
